Using pre-set license
Built from '2020.2/staging' branch; Version is '2020.2.6f1 (8a2143876886) revision 9052483'; Using compiler version '192528614'; Build Type 'Release'
OS: 'Windows 10 Home; OS build 19043.1288; Version 2009; 64bit' Language: 'pt' Physical Memory: 16298 MB
BatchMode: 1, IsHumanControllingUs: 0, StartBugReporterOnCrash: 0, Is64bit: 1, IsPro: 0

 COMMAND LINE ARGUMENTS:
C:\Program Files\Unity\Hub\Editor\2020.2.6f1\Editor\Unity.exe
-adb2
-batchMode
-noUpm
-name
AssetImportWorker0
-projectPath
C:/Users/Leandro/Documents/GitHub/InvadeTheSpace/InvadeTheSpace
-logFile
Logs/AssetImportWorker0.log
-srvPort
62816
Successfully changed project path to: C:/Users/Leandro/Documents/GitHub/InvadeTheSpace/InvadeTheSpace
C:/Users/Leandro/Documents/GitHub/InvadeTheSpace/InvadeTheSpace
Using Asset Import Pipeline V2.
Refreshing native plugins compatible for Editor in 53.33 ms, found 0 plugins.
Preloading 0 native plugins for Editor in 0.00 ms.
Initialize engine version: 2020.2.6f1 (8a2143876886)
[Subsystems] Discovering subsystems at path C:/Program Files/Unity/Hub/Editor/2020.2.6f1/Editor/Data/Resources/UnitySubsystems
[Subsystems] Discovering subsystems at path C:/Users/Leandro/Documents/GitHub/InvadeTheSpace/InvadeTheSpace/Assets
GfxDevice: creating device client; threaded=0
Direct3D:
    Version:  Direct3D 11.0 [level 11.1]
    Renderer: NVIDIA GeForce RTX 2070 SUPER (ID=0x1e84)
    Vendor:   
    VRAM:     8011 MB
    Driver:   30.0.14.9649
Shader 'Universal Render Pipeline/Particles/Lit': fallback shader 'Universal Render Pipeline/Particles/SimpleLit' not found
Initialize mono
Mono path[0] = 'C:/Program Files/Unity/Hub/Editor/2020.2.6f1/Editor/Data/Managed'
Mono path[1] = 'C:/Program Files/Unity/Hub/Editor/2020.2.6f1/Editor/Data/MonoBleedingEdge/lib/mono/unityjit'
Mono config path = 'C:/Program Files/Unity/Hub/Editor/2020.2.6f1/Editor/Data/MonoBleedingEdge/etc'
Using monoOptions --debugger-agent=transport=dt_socket,embedding=1,server=y,suspend=n,address=127.0.0.1:56248
Begin MonoManager ReloadAssembly
Registering precompiled unity dll's ...
Register platform support module: C:/Program Files/Unity/Hub/Editor/2020.2.6f1/Editor/Data/PlaybackEngines/WindowsStandaloneSupport/UnityEditor.WindowsStandalone.Extensions.dll
Registered in 0.001481 seconds.
Native extension for WindowsStandalone target not found
Refreshing native plugins compatible for Editor in 50.64 ms, found 0 plugins.
Preloading 0 native plugins for Editor in 0.00 ms.
Invoked RoslynAnalysisRunner static constructor.
RoslynAnalysisRunner will not be running.
RoslynAnalysisRunner has terminated.
Mono: successfully reloaded assembly
- Completed reload, in  1.797 seconds
Platform modules already initialized, skipping
Registering precompiled user dll's ...
Registered in 0.002260 seconds.
Begin MonoManager ReloadAssembly
Native extension for WindowsStandalone target not found
Refreshing native plugins compatible for Editor in 52.27 ms, found 0 plugins.
Preloading 0 native plugins for Editor in 0.00 ms.
Invoked RoslynAnalysisRunner static constructor.
RoslynAnalysisRunner will not be running.
RoslynAnalysisRunner has terminated.
Mono: successfully reloaded assembly
- Completed reload, in  0.833 seconds
Platform modules already initialized, skipping
========================================================================
Worker process is ready to serve import requests
Shader 'Universal Render Pipeline/Particles/Lit': fallback shader 'Universal Render Pipeline/Particles/SimpleLit' not found
Launched and connected shader compiler UnityShaderCompiler.exe after 0.03 seconds
Refreshing native plugins compatible for Editor in 0.77 ms, found 0 plugins.
Preloading 0 native plugins for Editor in 0.00 ms.
Unloading 2733 Unused Serialized files (Serialized files now loaded: 0)
System memory in use before: 123.6 MB.
System memory in use after: 123.8 MB.

Unloading 34 unused Assets to reduce memory usage. Loaded Objects now: 3174.
Total: 2.317100 ms (FindLiveObjects: 0.374900 ms CreateObjectMapping: 0.077300 ms MarkObjects: 1.770500 ms  DeleteObjects: 0.092900 ms)

========================================================================
Received Import Request.
  path: Assets/Resources/Map/Plataforms/0.prefab
  artifactKey: Guid(7efa26c02978b3f4aa397cc446ef8b31) Importer(815301076,1909f56bfc062723c751e8b465ee728b)
Start importing Assets/Resources/Map/Plataforms/0.prefab using Guid(7efa26c02978b3f4aa397cc446ef8b31) Importer(815301076,1909f56bfc062723c751e8b465ee728b)  -> (artifact id: '07c6892cf699ead9bba732c0e8e64a77') in 0.075616 seconds
  Import took 0.079857 seconds .

========================================================================
Received Import Request.
  Time since last request: 5.903899 seconds.
  path: Assets/Resources/Map/Plataforms/0.prefab
  artifactKey: Guid(7efa26c02978b3f4aa397cc446ef8b31) Importer(815301076,1909f56bfc062723c751e8b465ee728b)
Start importing Assets/Resources/Map/Plataforms/0.prefab using Guid(7efa26c02978b3f4aa397cc446ef8b31) Importer(815301076,1909f56bfc062723c751e8b465ee728b)  -> (artifact id: '9657fb90089cdc6dc2c73d45224af518') in 0.006746 seconds
  Import took 0.010340 seconds .

========================================================================
Received Import Request.
  Time since last request: 0.011767 seconds.
  path: Assets/Resources/Map/Plataforms/0.prefab
  artifactKey: Guid(7efa26c02978b3f4aa397cc446ef8b31) Importer(815301076,1909f56bfc062723c751e8b465ee728b)
Start importing Assets/Resources/Map/Plataforms/0.prefab using Guid(7efa26c02978b3f4aa397cc446ef8b31) Importer(815301076,1909f56bfc062723c751e8b465ee728b)  -> (artifact id: '9657fb90089cdc6dc2c73d45224af518') in 0.007367 seconds
  Import took 0.010561 seconds .

========================================================================
Received Import Request.
  Time since last request: 4.951005 seconds.
  path: Assets/Resources/Map/Plataforms/0.prefab
  artifactKey: Guid(7efa26c02978b3f4aa397cc446ef8b31) Importer(815301076,1909f56bfc062723c751e8b465ee728b)
Start importing Assets/Resources/Map/Plataforms/0.prefab using Guid(7efa26c02978b3f4aa397cc446ef8b31) Importer(815301076,1909f56bfc062723c751e8b465ee728b)  -> (artifact id: '279c5a278b2278a0c111413154468790') in 0.009782 seconds
  Import took 0.013336 seconds .

========================================================================
Received Import Request.
  Time since last request: 0.008756 seconds.
  path: Assets/Resources/Map/Plataforms/0.prefab
  artifactKey: Guid(7efa26c02978b3f4aa397cc446ef8b31) Importer(815301076,1909f56bfc062723c751e8b465ee728b)
Start importing Assets/Resources/Map/Plataforms/0.prefab using Guid(7efa26c02978b3f4aa397cc446ef8b31) Importer(815301076,1909f56bfc062723c751e8b465ee728b)  -> (artifact id: '279c5a278b2278a0c111413154468790') in 0.007472 seconds
  Import took 0.010724 seconds .

========================================================================
Received Import Request.
  Time since last request: 18.890642 seconds.
  path: Assets/Resources/Map/Plataforms/0.prefab
  artifactKey: Guid(7efa26c02978b3f4aa397cc446ef8b31) Importer(815301076,1909f56bfc062723c751e8b465ee728b)
Start importing Assets/Resources/Map/Plataforms/0.prefab using Guid(7efa26c02978b3f4aa397cc446ef8b31) Importer(815301076,1909f56bfc062723c751e8b465ee728b)  -> (artifact id: '89c85a0d1905f2d6b3b181dc18b08755') in 0.006275 seconds
  Import took 0.009889 seconds .

========================================================================
Received Import Request.
  Time since last request: 0.013463 seconds.
  path: Assets/Resources/Map/Plataforms/0.prefab
  artifactKey: Guid(7efa26c02978b3f4aa397cc446ef8b31) Importer(815301076,1909f56bfc062723c751e8b465ee728b)
Start importing Assets/Resources/Map/Plataforms/0.prefab using Guid(7efa26c02978b3f4aa397cc446ef8b31) Importer(815301076,1909f56bfc062723c751e8b465ee728b)  -> (artifact id: '89c85a0d1905f2d6b3b181dc18b08755') in 0.007081 seconds
  Import took 0.010331 seconds .

========================================================================
Received Import Request.
  Time since last request: 0.868350 seconds.
  path: Assets/Resources/Map/Plataforms/0.prefab
  artifactKey: Guid(7efa26c02978b3f4aa397cc446ef8b31) Importer(815301076,1909f56bfc062723c751e8b465ee728b)
Start importing Assets/Resources/Map/Plataforms/0.prefab using Guid(7efa26c02978b3f4aa397cc446ef8b31) Importer(815301076,1909f56bfc062723c751e8b465ee728b)  -> (artifact id: '0bff2cfc22a9021cbef561cfea6fea8e') in 0.006475 seconds
  Import took 0.009999 seconds .

========================================================================
Received Import Request.
  Time since last request: 0.013279 seconds.
  path: Assets/Resources/Map/Plataforms/0.prefab
  artifactKey: Guid(7efa26c02978b3f4aa397cc446ef8b31) Importer(815301076,1909f56bfc062723c751e8b465ee728b)
Start importing Assets/Resources/Map/Plataforms/0.prefab using Guid(7efa26c02978b3f4aa397cc446ef8b31) Importer(815301076,1909f56bfc062723c751e8b465ee728b)  -> (artifact id: '0bff2cfc22a9021cbef561cfea6fea8e') in 0.011445 seconds
  Import took 0.014625 seconds .

========================================================================
Received Import Request.
  Time since last request: 1.656870 seconds.
  path: Assets/Resources/Map/Plataforms/0.prefab
  artifactKey: Guid(7efa26c02978b3f4aa397cc446ef8b31) Importer(815301076,1909f56bfc062723c751e8b465ee728b)
Start importing Assets/Resources/Map/Plataforms/0.prefab using Guid(7efa26c02978b3f4aa397cc446ef8b31) Importer(815301076,1909f56bfc062723c751e8b465ee728b)  -> (artifact id: '08a66246b5aa1363a8feb5fb86edb872') in 0.005302 seconds
  Import took 0.008777 seconds .

========================================================================
Received Import Request.
  Time since last request: 0.014452 seconds.
  path: Assets/Resources/Map/Plataforms/0.prefab
  artifactKey: Guid(7efa26c02978b3f4aa397cc446ef8b31) Importer(815301076,1909f56bfc062723c751e8b465ee728b)
Start importing Assets/Resources/Map/Plataforms/0.prefab using Guid(7efa26c02978b3f4aa397cc446ef8b31) Importer(815301076,1909f56bfc062723c751e8b465ee728b)  -> (artifact id: '08a66246b5aa1363a8feb5fb86edb872') in 0.005418 seconds
  Import took 0.008739 seconds .

========================================================================
Received Import Request.
  Time since last request: 1.859159 seconds.
  path: Assets/Resources/Map/Plataforms/0.prefab
  artifactKey: Guid(7efa26c02978b3f4aa397cc446ef8b31) Importer(815301076,1909f56bfc062723c751e8b465ee728b)
Start importing Assets/Resources/Map/Plataforms/0.prefab using Guid(7efa26c02978b3f4aa397cc446ef8b31) Importer(815301076,1909f56bfc062723c751e8b465ee728b)  -> (artifact id: '026dd7feb99f384fcd7568872ce107d9') in 0.005834 seconds
  Import took 0.009284 seconds .

========================================================================
Received Import Request.
  Time since last request: 0.017060 seconds.
  path: Assets/Resources/Map/Plataforms/0.prefab
  artifactKey: Guid(7efa26c02978b3f4aa397cc446ef8b31) Importer(815301076,1909f56bfc062723c751e8b465ee728b)
Start importing Assets/Resources/Map/Plataforms/0.prefab using Guid(7efa26c02978b3f4aa397cc446ef8b31) Importer(815301076,1909f56bfc062723c751e8b465ee728b)  -> (artifact id: '026dd7feb99f384fcd7568872ce107d9') in 0.005373 seconds
  Import took 0.008615 seconds .

========================================================================
Received Import Request.
  Time since last request: 0.865693 seconds.
  path: Assets/Resources/Map/Plataforms/0.prefab
  artifactKey: Guid(7efa26c02978b3f4aa397cc446ef8b31) Importer(815301076,1909f56bfc062723c751e8b465ee728b)
Start importing Assets/Resources/Map/Plataforms/0.prefab using Guid(7efa26c02978b3f4aa397cc446ef8b31) Importer(815301076,1909f56bfc062723c751e8b465ee728b)  -> (artifact id: '76c4ac4f6a81b2c2ae09e0fdd697b12f') in 0.005709 seconds
  Import took 0.009214 seconds .

========================================================================
Received Import Request.
  Time since last request: 0.017365 seconds.
  path: Assets/Resources/Map/Plataforms/0.prefab
  artifactKey: Guid(7efa26c02978b3f4aa397cc446ef8b31) Importer(815301076,1909f56bfc062723c751e8b465ee728b)
Start importing Assets/Resources/Map/Plataforms/0.prefab using Guid(7efa26c02978b3f4aa397cc446ef8b31) Importer(815301076,1909f56bfc062723c751e8b465ee728b)  -> (artifact id: '76c4ac4f6a81b2c2ae09e0fdd697b12f') in 0.006027 seconds
  Import took 0.009334 seconds .

========================================================================
Received Import Request.
  Time since last request: 0.450124 seconds.
  path: Assets/Resources/Map/Plataforms/0.prefab
  artifactKey: Guid(7efa26c02978b3f4aa397cc446ef8b31) Importer(815301076,1909f56bfc062723c751e8b465ee728b)
Start importing Assets/Resources/Map/Plataforms/0.prefab using Guid(7efa26c02978b3f4aa397cc446ef8b31) Importer(815301076,1909f56bfc062723c751e8b465ee728b)  -> (artifact id: '4c7ad1c796de6d3a9e41f2631a9ed116') in 0.006095 seconds
  Import took 0.009650 seconds .

========================================================================
Received Import Request.
  Time since last request: 0.016793 seconds.
  path: Assets/Resources/Map/Plataforms/0.prefab
  artifactKey: Guid(7efa26c02978b3f4aa397cc446ef8b31) Importer(815301076,1909f56bfc062723c751e8b465ee728b)
Start importing Assets/Resources/Map/Plataforms/0.prefab using Guid(7efa26c02978b3f4aa397cc446ef8b31) Importer(815301076,1909f56bfc062723c751e8b465ee728b)  -> (artifact id: '4c7ad1c796de6d3a9e41f2631a9ed116') in 0.005724 seconds
  Import took 0.008955 seconds .

========================================================================
Received Import Request.
  Time since last request: 0.447910 seconds.
  path: Assets/Resources/Map/Plataforms/0.prefab
  artifactKey: Guid(7efa26c02978b3f4aa397cc446ef8b31) Importer(815301076,1909f56bfc062723c751e8b465ee728b)
Start importing Assets/Resources/Map/Plataforms/0.prefab using Guid(7efa26c02978b3f4aa397cc446ef8b31) Importer(815301076,1909f56bfc062723c751e8b465ee728b)  -> (artifact id: 'f9fba385f80ca1e54d0e76b5d2ef59b6') in 0.005830 seconds
  Import took 0.009333 seconds .

========================================================================
Received Import Request.
  Time since last request: 0.017088 seconds.
  path: Assets/Resources/Map/Plataforms/0.prefab
  artifactKey: Guid(7efa26c02978b3f4aa397cc446ef8b31) Importer(815301076,1909f56bfc062723c751e8b465ee728b)
Start importing Assets/Resources/Map/Plataforms/0.prefab using Guid(7efa26c02978b3f4aa397cc446ef8b31) Importer(815301076,1909f56bfc062723c751e8b465ee728b)  -> (artifact id: 'f9fba385f80ca1e54d0e76b5d2ef59b6') in 0.008161 seconds
  Import took 0.011452 seconds .

========================================================================
Received Import Request.
  Time since last request: 0.447873 seconds.
  path: Assets/Resources/Map/Plataforms/0.prefab
  artifactKey: Guid(7efa26c02978b3f4aa397cc446ef8b31) Importer(815301076,1909f56bfc062723c751e8b465ee728b)
Start importing Assets/Resources/Map/Plataforms/0.prefab using Guid(7efa26c02978b3f4aa397cc446ef8b31) Importer(815301076,1909f56bfc062723c751e8b465ee728b)  -> (artifact id: 'ddc894c53ed9a508b43feecb95a63163') in 0.005831 seconds
  Import took 0.009343 seconds .

========================================================================
Received Import Request.
  Time since last request: 0.016588 seconds.
  path: Assets/Resources/Map/Plataforms/0.prefab
  artifactKey: Guid(7efa26c02978b3f4aa397cc446ef8b31) Importer(815301076,1909f56bfc062723c751e8b465ee728b)
Start importing Assets/Resources/Map/Plataforms/0.prefab using Guid(7efa26c02978b3f4aa397cc446ef8b31) Importer(815301076,1909f56bfc062723c751e8b465ee728b)  -> (artifact id: 'ddc894c53ed9a508b43feecb95a63163') in 0.007709 seconds
  Import took 0.011041 seconds .

========================================================================
Received Import Request.
  Time since last request: 0.448483 seconds.
  path: Assets/Resources/Map/Plataforms/0.prefab
  artifactKey: Guid(7efa26c02978b3f4aa397cc446ef8b31) Importer(815301076,1909f56bfc062723c751e8b465ee728b)
Start importing Assets/Resources/Map/Plataforms/0.prefab using Guid(7efa26c02978b3f4aa397cc446ef8b31) Importer(815301076,1909f56bfc062723c751e8b465ee728b)  -> (artifact id: 'ec6f8c1c6e35a472a80e4006fb875cda') in 0.006336 seconds
  Import took 0.010002 seconds .

========================================================================
Received Import Request.
  Time since last request: 0.015766 seconds.
  path: Assets/Resources/Map/Plataforms/0.prefab
  artifactKey: Guid(7efa26c02978b3f4aa397cc446ef8b31) Importer(815301076,1909f56bfc062723c751e8b465ee728b)
Start importing Assets/Resources/Map/Plataforms/0.prefab using Guid(7efa26c02978b3f4aa397cc446ef8b31) Importer(815301076,1909f56bfc062723c751e8b465ee728b)  -> (artifact id: 'ec6f8c1c6e35a472a80e4006fb875cda') in 0.009360 seconds
  Import took 0.012854 seconds .

========================================================================
Received Import Request.
  Time since last request: 0.443318 seconds.
  path: Assets/Resources/Map/Plataforms/0.prefab
  artifactKey: Guid(7efa26c02978b3f4aa397cc446ef8b31) Importer(815301076,1909f56bfc062723c751e8b465ee728b)
Start importing Assets/Resources/Map/Plataforms/0.prefab using Guid(7efa26c02978b3f4aa397cc446ef8b31) Importer(815301076,1909f56bfc062723c751e8b465ee728b)  -> (artifact id: 'ba2c0f8c8b5d37fef9f965ab5da0461f') in 0.006077 seconds
  Import took 0.009617 seconds .

========================================================================
Received Import Request.
  Time since last request: 0.018862 seconds.
  path: Assets/Resources/Map/Plataforms/0.prefab
  artifactKey: Guid(7efa26c02978b3f4aa397cc446ef8b31) Importer(815301076,1909f56bfc062723c751e8b465ee728b)
Start importing Assets/Resources/Map/Plataforms/0.prefab using Guid(7efa26c02978b3f4aa397cc446ef8b31) Importer(815301076,1909f56bfc062723c751e8b465ee728b)  -> (artifact id: 'ba2c0f8c8b5d37fef9f965ab5da0461f') in 0.013142 seconds
  Import took 0.016422 seconds .

========================================================================
Received Import Request.
  Time since last request: 0.240329 seconds.
  path: Assets/Resources/Map/Plataforms/0.prefab
  artifactKey: Guid(7efa26c02978b3f4aa397cc446ef8b31) Importer(815301076,1909f56bfc062723c751e8b465ee728b)
Start importing Assets/Resources/Map/Plataforms/0.prefab using Guid(7efa26c02978b3f4aa397cc446ef8b31) Importer(815301076,1909f56bfc062723c751e8b465ee728b)  -> (artifact id: '488759d5f241f8af01ae78ef88c80af5') in 0.006225 seconds
  Import took 0.009986 seconds .

========================================================================
Received Import Request.
  Time since last request: 0.016168 seconds.
  path: Assets/Resources/Map/Plataforms/0.prefab
  artifactKey: Guid(7efa26c02978b3f4aa397cc446ef8b31) Importer(815301076,1909f56bfc062723c751e8b465ee728b)
Start importing Assets/Resources/Map/Plataforms/0.prefab using Guid(7efa26c02978b3f4aa397cc446ef8b31) Importer(815301076,1909f56bfc062723c751e8b465ee728b)  -> (artifact id: '488759d5f241f8af01ae78ef88c80af5') in 0.006103 seconds
  Import took 0.009748 seconds .

========================================================================
Received Import Request.
  Time since last request: 0.451050 seconds.
  path: Assets/Resources/Map/Plataforms/0.prefab
  artifactKey: Guid(7efa26c02978b3f4aa397cc446ef8b31) Importer(815301076,1909f56bfc062723c751e8b465ee728b)
Start importing Assets/Resources/Map/Plataforms/0.prefab using Guid(7efa26c02978b3f4aa397cc446ef8b31) Importer(815301076,1909f56bfc062723c751e8b465ee728b)  -> (artifact id: 'b1e6846703e8e8e6bf28db303e8c2675') in 0.005989 seconds
  Import took 0.009617 seconds .

========================================================================
Received Import Request.
  Time since last request: 0.016333 seconds.
  path: Assets/Resources/Map/Plataforms/0.prefab
  artifactKey: Guid(7efa26c02978b3f4aa397cc446ef8b31) Importer(815301076,1909f56bfc062723c751e8b465ee728b)
Start importing Assets/Resources/Map/Plataforms/0.prefab using Guid(7efa26c02978b3f4aa397cc446ef8b31) Importer(815301076,1909f56bfc062723c751e8b465ee728b)  -> (artifact id: 'b1e6846703e8e8e6bf28db303e8c2675') in 0.006093 seconds
  Import took 0.009725 seconds .

========================================================================
Received Import Request.
  Time since last request: 0.654217 seconds.
  path: Assets/Resources/Map/Plataforms/0.prefab
  artifactKey: Guid(7efa26c02978b3f4aa397cc446ef8b31) Importer(815301076,1909f56bfc062723c751e8b465ee728b)
Start importing Assets/Resources/Map/Plataforms/0.prefab using Guid(7efa26c02978b3f4aa397cc446ef8b31) Importer(815301076,1909f56bfc062723c751e8b465ee728b)  -> (artifact id: '54662a7d9c0414eb0c27ac55b26c987b') in 0.006309 seconds
  Import took 0.009899 seconds .

========================================================================
Received Import Request.
  Time since last request: 0.016245 seconds.
  path: Assets/Resources/Map/Plataforms/0.prefab
  artifactKey: Guid(7efa26c02978b3f4aa397cc446ef8b31) Importer(815301076,1909f56bfc062723c751e8b465ee728b)
Start importing Assets/Resources/Map/Plataforms/0.prefab using Guid(7efa26c02978b3f4aa397cc446ef8b31) Importer(815301076,1909f56bfc062723c751e8b465ee728b)  -> (artifact id: '54662a7d9c0414eb0c27ac55b26c987b') in 0.009084 seconds
  Import took 0.012899 seconds .

========================================================================
Received Import Request.
  Time since last request: 0.651177 seconds.
  path: Assets/Resources/Map/Plataforms/0.prefab
  artifactKey: Guid(7efa26c02978b3f4aa397cc446ef8b31) Importer(815301076,1909f56bfc062723c751e8b465ee728b)
Start importing Assets/Resources/Map/Plataforms/0.prefab using Guid(7efa26c02978b3f4aa397cc446ef8b31) Importer(815301076,1909f56bfc062723c751e8b465ee728b)  -> (artifact id: 'b89e62de0243213e1767c17701a9997c') in 0.006166 seconds
  Import took 0.010194 seconds .

========================================================================
Received Import Request.
  Time since last request: 0.016083 seconds.
  path: Assets/Resources/Map/Plataforms/0.prefab
  artifactKey: Guid(7efa26c02978b3f4aa397cc446ef8b31) Importer(815301076,1909f56bfc062723c751e8b465ee728b)
Start importing Assets/Resources/Map/Plataforms/0.prefab using Guid(7efa26c02978b3f4aa397cc446ef8b31) Importer(815301076,1909f56bfc062723c751e8b465ee728b)  -> (artifact id: 'b89e62de0243213e1767c17701a9997c') in 0.006153 seconds
  Import took 0.009753 seconds .

========================================================================
Received Import Request.
  Time since last request: 0.450167 seconds.
  path: Assets/Resources/Map/Plataforms/0.prefab
  artifactKey: Guid(7efa26c02978b3f4aa397cc446ef8b31) Importer(815301076,1909f56bfc062723c751e8b465ee728b)
Start importing Assets/Resources/Map/Plataforms/0.prefab using Guid(7efa26c02978b3f4aa397cc446ef8b31) Importer(815301076,1909f56bfc062723c751e8b465ee728b)  -> (artifact id: '96cc74a2e357cc27d77ba56beb62a9c8') in 0.006043 seconds
  Import took 0.009629 seconds .

========================================================================
Received Import Request.
  Time since last request: 0.020637 seconds.
  path: Assets/Resources/Map/Plataforms/0.prefab
  artifactKey: Guid(7efa26c02978b3f4aa397cc446ef8b31) Importer(815301076,1909f56bfc062723c751e8b465ee728b)
Start importing Assets/Resources/Map/Plataforms/0.prefab using Guid(7efa26c02978b3f4aa397cc446ef8b31) Importer(815301076,1909f56bfc062723c751e8b465ee728b)  -> (artifact id: '96cc74a2e357cc27d77ba56beb62a9c8') in 0.007789 seconds
  Import took 0.011483 seconds .

========================================================================
Received Import Request.
  Time since last request: 1.270794 seconds.
  path: Assets/Resources/Map/Plataforms/0.prefab
  artifactKey: Guid(7efa26c02978b3f4aa397cc446ef8b31) Importer(815301076,1909f56bfc062723c751e8b465ee728b)
Start importing Assets/Resources/Map/Plataforms/0.prefab using Guid(7efa26c02978b3f4aa397cc446ef8b31) Importer(815301076,1909f56bfc062723c751e8b465ee728b)  -> (artifact id: 'cd81f3db3562ba1fe1e7eec482905f51') in 0.006171 seconds
  Import took 0.010014 seconds .

========================================================================
Received Import Request.
  Time since last request: 0.015958 seconds.
  path: Assets/Resources/Map/Plataforms/0.prefab
  artifactKey: Guid(7efa26c02978b3f4aa397cc446ef8b31) Importer(815301076,1909f56bfc062723c751e8b465ee728b)
Start importing Assets/Resources/Map/Plataforms/0.prefab using Guid(7efa26c02978b3f4aa397cc446ef8b31) Importer(815301076,1909f56bfc062723c751e8b465ee728b)  -> (artifact id: 'cd81f3db3562ba1fe1e7eec482905f51') in 0.007022 seconds
  Import took 0.010778 seconds .

========================================================================
Received Import Request.
  Time since last request: 0.257788 seconds.
  path: Assets/Resources/Map/Plataforms/0.prefab
  artifactKey: Guid(7efa26c02978b3f4aa397cc446ef8b31) Importer(815301076,1909f56bfc062723c751e8b465ee728b)
Start importing Assets/Resources/Map/Plataforms/0.prefab using Guid(7efa26c02978b3f4aa397cc446ef8b31) Importer(815301076,1909f56bfc062723c751e8b465ee728b)  -> (artifact id: '7a5aee87d6b9d6863da8b17128bf337d') in 0.006347 seconds
  Import took 0.009930 seconds .

========================================================================
Received Import Request.
  Time since last request: 0.015970 seconds.
  path: Assets/Resources/Map/Plataforms/0.prefab
  artifactKey: Guid(7efa26c02978b3f4aa397cc446ef8b31) Importer(815301076,1909f56bfc062723c751e8b465ee728b)
Start importing Assets/Resources/Map/Plataforms/0.prefab using Guid(7efa26c02978b3f4aa397cc446ef8b31) Importer(815301076,1909f56bfc062723c751e8b465ee728b)  -> (artifact id: '7a5aee87d6b9d6863da8b17128bf337d') in 0.009196 seconds
  Import took 0.012849 seconds .

========================================================================
Received Import Request.
  Time since last request: 0.448617 seconds.
  path: Assets/Resources/Map/Plataforms/0.prefab
  artifactKey: Guid(7efa26c02978b3f4aa397cc446ef8b31) Importer(815301076,1909f56bfc062723c751e8b465ee728b)
Start importing Assets/Resources/Map/Plataforms/0.prefab using Guid(7efa26c02978b3f4aa397cc446ef8b31) Importer(815301076,1909f56bfc062723c751e8b465ee728b)  -> (artifact id: 'fabf0432200365d1b41bf0b4232d18e1') in 0.006384 seconds
  Import took 0.009977 seconds .

========================================================================
Received Import Request.
  Time since last request: 0.015661 seconds.
  path: Assets/Resources/Map/Plataforms/0.prefab
  artifactKey: Guid(7efa26c02978b3f4aa397cc446ef8b31) Importer(815301076,1909f56bfc062723c751e8b465ee728b)
Start importing Assets/Resources/Map/Plataforms/0.prefab using Guid(7efa26c02978b3f4aa397cc446ef8b31) Importer(815301076,1909f56bfc062723c751e8b465ee728b)  -> (artifact id: 'fabf0432200365d1b41bf0b4232d18e1') in 0.008089 seconds
  Import took 0.011645 seconds .

========================================================================
Received Import Request.
  Time since last request: 0.447850 seconds.
  path: Assets/Resources/Map/Plataforms/0.prefab
  artifactKey: Guid(7efa26c02978b3f4aa397cc446ef8b31) Importer(815301076,1909f56bfc062723c751e8b465ee728b)
Start importing Assets/Resources/Map/Plataforms/0.prefab using Guid(7efa26c02978b3f4aa397cc446ef8b31) Importer(815301076,1909f56bfc062723c751e8b465ee728b)  -> (artifact id: '9c69bbf349cbeefc36b26018c5b64b14') in 0.006176 seconds
  Import took 0.009778 seconds .

========================================================================
Received Import Request.
  Time since last request: 0.015485 seconds.
  path: Assets/Resources/Map/Plataforms/0.prefab
  artifactKey: Guid(7efa26c02978b3f4aa397cc446ef8b31) Importer(815301076,1909f56bfc062723c751e8b465ee728b)
Start importing Assets/Resources/Map/Plataforms/0.prefab using Guid(7efa26c02978b3f4aa397cc446ef8b31) Importer(815301076,1909f56bfc062723c751e8b465ee728b)  -> (artifact id: '9c69bbf349cbeefc36b26018c5b64b14') in 0.006169 seconds
  Import took 0.009871 seconds .

========================================================================
Received Import Request.
  Time since last request: 7.714212 seconds.
  path: Assets/Resources/Map/Plataforms/0.prefab
  artifactKey: Guid(7efa26c02978b3f4aa397cc446ef8b31) Importer(815301076,1909f56bfc062723c751e8b465ee728b)
Start importing Assets/Resources/Map/Plataforms/0.prefab using Guid(7efa26c02978b3f4aa397cc446ef8b31) Importer(815301076,1909f56bfc062723c751e8b465ee728b)  -> (artifact id: 'c848e095bd230351a5b3b847b1a2ed7a') in 0.008724 seconds
  Import took 0.012383 seconds .

========================================================================
Received Import Request.
  Time since last request: 0.010937 seconds.
  path: Assets/Resources/Map/Plataforms/0.prefab
  artifactKey: Guid(7efa26c02978b3f4aa397cc446ef8b31) Importer(815301076,1909f56bfc062723c751e8b465ee728b)
Start importing Assets/Resources/Map/Plataforms/0.prefab using Guid(7efa26c02978b3f4aa397cc446ef8b31) Importer(815301076,1909f56bfc062723c751e8b465ee728b)  -> (artifact id: 'c848e095bd230351a5b3b847b1a2ed7a') in 0.008053 seconds
  Import took 0.011655 seconds .

========================================================================
Received Import Request.
  Time since last request: 3.678606 seconds.
  path: Assets/Resources/Map/Plataforms/0.prefab
  artifactKey: Guid(7efa26c02978b3f4aa397cc446ef8b31) Importer(815301076,1909f56bfc062723c751e8b465ee728b)
Start importing Assets/Resources/Map/Plataforms/0.prefab using Guid(7efa26c02978b3f4aa397cc446ef8b31) Importer(815301076,1909f56bfc062723c751e8b465ee728b)  -> (artifact id: 'b5644d4960a25af520f886229d811fd7') in 0.008616 seconds
  Import took 0.012472 seconds .

========================================================================
Received Import Request.
  Time since last request: 0.011434 seconds.
  path: Assets/Resources/Map/Plataforms/0.prefab
  artifactKey: Guid(7efa26c02978b3f4aa397cc446ef8b31) Importer(815301076,1909f56bfc062723c751e8b465ee728b)
Start importing Assets/Resources/Map/Plataforms/0.prefab using Guid(7efa26c02978b3f4aa397cc446ef8b31) Importer(815301076,1909f56bfc062723c751e8b465ee728b)  -> (artifact id: 'b5644d4960a25af520f886229d811fd7') in 0.006354 seconds
  Import took 0.009839 seconds .

========================================================================
Received Import Request.
  Time since last request: 7.148224 seconds.
  path: Assets/Resources/Map/Plataforms/0.prefab
  artifactKey: Guid(7efa26c02978b3f4aa397cc446ef8b31) Importer(815301076,1909f56bfc062723c751e8b465ee728b)
Start importing Assets/Resources/Map/Plataforms/0.prefab using Guid(7efa26c02978b3f4aa397cc446ef8b31) Importer(815301076,1909f56bfc062723c751e8b465ee728b)  -> (artifact id: '1477ba803b28a451a1dbf4e278584edf') in 0.007407 seconds
  Import took 0.010957 seconds .

========================================================================
Received Import Request.
  Time since last request: 0.020465 seconds.
  path: Assets/Resources/Map/Plataforms/0.prefab
  artifactKey: Guid(7efa26c02978b3f4aa397cc446ef8b31) Importer(815301076,1909f56bfc062723c751e8b465ee728b)
Start importing Assets/Resources/Map/Plataforms/0.prefab using Guid(7efa26c02978b3f4aa397cc446ef8b31) Importer(815301076,1909f56bfc062723c751e8b465ee728b)  -> (artifact id: '1477ba803b28a451a1dbf4e278584edf') in 0.017394 seconds
  Import took 0.021050 seconds .

========================================================================
Received Import Request.
  Time since last request: 1.849074 seconds.
  path: Assets/Resources/Map/Plataforms/0.prefab
  artifactKey: Guid(7efa26c02978b3f4aa397cc446ef8b31) Importer(815301076,1909f56bfc062723c751e8b465ee728b)
Start importing Assets/Resources/Map/Plataforms/0.prefab using Guid(7efa26c02978b3f4aa397cc446ef8b31) Importer(815301076,1909f56bfc062723c751e8b465ee728b)  -> (artifact id: '65d555b5f18ec82a9958d507482d53ae') in 0.008830 seconds
  Import took 0.012387 seconds .

========================================================================
Received Import Request.
  Time since last request: 0.011531 seconds.
  path: Assets/Resources/Map/Plataforms/0.prefab
  artifactKey: Guid(7efa26c02978b3f4aa397cc446ef8b31) Importer(815301076,1909f56bfc062723c751e8b465ee728b)
Start importing Assets/Resources/Map/Plataforms/0.prefab using Guid(7efa26c02978b3f4aa397cc446ef8b31) Importer(815301076,1909f56bfc062723c751e8b465ee728b)  -> (artifact id: '65d555b5f18ec82a9958d507482d53ae') in 0.006621 seconds
  Import took 0.010078 seconds .

========================================================================
Received Import Request.
  Time since last request: 7.327000 seconds.
  path: Assets/Resources/Map/Plataforms/0.prefab
  artifactKey: Guid(7efa26c02978b3f4aa397cc446ef8b31) Importer(815301076,1909f56bfc062723c751e8b465ee728b)
Start importing Assets/Resources/Map/Plataforms/0.prefab using Guid(7efa26c02978b3f4aa397cc446ef8b31) Importer(815301076,1909f56bfc062723c751e8b465ee728b)  -> (artifact id: '1ddf26a54a5d03e2e3d62a79df0805bd') in 0.008750 seconds
  Import took 0.012336 seconds .

========================================================================
Received Import Request.
  Time since last request: 0.011979 seconds.
  path: Assets/Resources/Map/Plataforms/0.prefab
  artifactKey: Guid(7efa26c02978b3f4aa397cc446ef8b31) Importer(815301076,1909f56bfc062723c751e8b465ee728b)
Start importing Assets/Resources/Map/Plataforms/0.prefab using Guid(7efa26c02978b3f4aa397cc446ef8b31) Importer(815301076,1909f56bfc062723c751e8b465ee728b)  -> (artifact id: '1ddf26a54a5d03e2e3d62a79df0805bd') in 0.008935 seconds
  Import took 0.012730 seconds .

========================================================================
Received Import Request.
  Time since last request: 3.477523 seconds.
  path: Assets/Resources/Map/Plataforms/0.prefab
  artifactKey: Guid(7efa26c02978b3f4aa397cc446ef8b31) Importer(815301076,1909f56bfc062723c751e8b465ee728b)
Start importing Assets/Resources/Map/Plataforms/0.prefab using Guid(7efa26c02978b3f4aa397cc446ef8b31) Importer(815301076,1909f56bfc062723c751e8b465ee728b)  -> (artifact id: 'd6bfe350a2e63b747b8dda217b733cd4') in 0.009961 seconds
  Import took 0.013541 seconds .

========================================================================
Received Import Request.
  Time since last request: 0.010122 seconds.
  path: Assets/Resources/Map/Plataforms/0.prefab
  artifactKey: Guid(7efa26c02978b3f4aa397cc446ef8b31) Importer(815301076,1909f56bfc062723c751e8b465ee728b)
Start importing Assets/Resources/Map/Plataforms/0.prefab using Guid(7efa26c02978b3f4aa397cc446ef8b31) Importer(815301076,1909f56bfc062723c751e8b465ee728b)  -> (artifact id: 'd6bfe350a2e63b747b8dda217b733cd4') in 0.006487 seconds
  Import took 0.009980 seconds .

========================================================================
Received Import Request.
  Time since last request: 5.716307 seconds.
  path: Assets/Resources/Map/Plataforms/0.prefab
  artifactKey: Guid(7efa26c02978b3f4aa397cc446ef8b31) Importer(815301076,1909f56bfc062723c751e8b465ee728b)
Start importing Assets/Resources/Map/Plataforms/0.prefab using Guid(7efa26c02978b3f4aa397cc446ef8b31) Importer(815301076,1909f56bfc062723c751e8b465ee728b)  -> (artifact id: '3ddff9b45279a179c467e2cd0cdc2b60') in 0.010175 seconds
  Import took 0.013806 seconds .

========================================================================
Received Import Request.
  Time since last request: 0.010516 seconds.
  path: Assets/Resources/Map/Plataforms/0.prefab
  artifactKey: Guid(7efa26c02978b3f4aa397cc446ef8b31) Importer(815301076,1909f56bfc062723c751e8b465ee728b)
Start importing Assets/Resources/Map/Plataforms/0.prefab using Guid(7efa26c02978b3f4aa397cc446ef8b31) Importer(815301076,1909f56bfc062723c751e8b465ee728b)  -> (artifact id: '3ddff9b45279a179c467e2cd0cdc2b60') in 0.016163 seconds
  Import took 0.019911 seconds .

========================================================================
Received Import Request.
  Time since last request: 2.861128 seconds.
  path: Assets/Resources/Map/Plataforms/0.prefab
  artifactKey: Guid(7efa26c02978b3f4aa397cc446ef8b31) Importer(815301076,1909f56bfc062723c751e8b465ee728b)
Start importing Assets/Resources/Map/Plataforms/0.prefab using Guid(7efa26c02978b3f4aa397cc446ef8b31) Importer(815301076,1909f56bfc062723c751e8b465ee728b)  -> (artifact id: '28598d1b284fc68b7d3e4eeab9f949de') in 0.006199 seconds
  Import took 0.009755 seconds .

========================================================================
Received Import Request.
  Time since last request: 0.014124 seconds.
  path: Assets/Resources/Map/Plataforms/0.prefab
  artifactKey: Guid(7efa26c02978b3f4aa397cc446ef8b31) Importer(815301076,1909f56bfc062723c751e8b465ee728b)
Start importing Assets/Resources/Map/Plataforms/0.prefab using Guid(7efa26c02978b3f4aa397cc446ef8b31) Importer(815301076,1909f56bfc062723c751e8b465ee728b)  -> (artifact id: '28598d1b284fc68b7d3e4eeab9f949de') in 0.006009 seconds
  Import took 0.009480 seconds .

========================================================================
Received Import Request.
  Time since last request: 6.537220 seconds.
  path: Assets/Resources/Map/Plataforms/0.prefab
  artifactKey: Guid(7efa26c02978b3f4aa397cc446ef8b31) Importer(815301076,1909f56bfc062723c751e8b465ee728b)
Start importing Assets/Resources/Map/Plataforms/0.prefab using Guid(7efa26c02978b3f4aa397cc446ef8b31) Importer(815301076,1909f56bfc062723c751e8b465ee728b)  -> (artifact id: 'b41f22a1b55171873eca386a8539e3ae') in 0.006028 seconds
  Import took 0.009642 seconds .

========================================================================
Received Import Request.
  Time since last request: 0.017764 seconds.
  path: Assets/Resources/Map/Plataforms/0.prefab
  artifactKey: Guid(7efa26c02978b3f4aa397cc446ef8b31) Importer(815301076,1909f56bfc062723c751e8b465ee728b)
Start importing Assets/Resources/Map/Plataforms/0.prefab using Guid(7efa26c02978b3f4aa397cc446ef8b31) Importer(815301076,1909f56bfc062723c751e8b465ee728b)  -> (artifact id: 'b41f22a1b55171873eca386a8539e3ae') in 0.018347 seconds
  Import took 0.021975 seconds .

========================================================================
Received Import Request.
  Time since last request: 2.271272 seconds.
  path: Assets/Resources/Map/Plataforms/0.prefab
  artifactKey: Guid(7efa26c02978b3f4aa397cc446ef8b31) Importer(815301076,1909f56bfc062723c751e8b465ee728b)
Start importing Assets/Resources/Map/Plataforms/0.prefab using Guid(7efa26c02978b3f4aa397cc446ef8b31) Importer(815301076,1909f56bfc062723c751e8b465ee728b)  -> (artifact id: '16c2443a68429fba6748cc8e326920ab') in 0.006407 seconds
  Import took 0.009990 seconds .

========================================================================
Received Import Request.
  Time since last request: 0.014362 seconds.
  path: Assets/Resources/Map/Plataforms/0.prefab
  artifactKey: Guid(7efa26c02978b3f4aa397cc446ef8b31) Importer(815301076,1909f56bfc062723c751e8b465ee728b)
Start importing Assets/Resources/Map/Plataforms/0.prefab using Guid(7efa26c02978b3f4aa397cc446ef8b31) Importer(815301076,1909f56bfc062723c751e8b465ee728b)  -> (artifact id: '16c2443a68429fba6748cc8e326920ab') in 0.008492 seconds
  Import took 0.012115 seconds .

========================================================================
Received Import Request.
  Time since last request: 1.677228 seconds.
  path: Assets/Resources/Map/Plataforms/0.prefab
  artifactKey: Guid(7efa26c02978b3f4aa397cc446ef8b31) Importer(815301076,1909f56bfc062723c751e8b465ee728b)
Start importing Assets/Resources/Map/Plataforms/0.prefab using Guid(7efa26c02978b3f4aa397cc446ef8b31) Importer(815301076,1909f56bfc062723c751e8b465ee728b)  -> (artifact id: '67dc45909e69360089184318f5adfa40') in 0.006528 seconds
  Import took 0.010468 seconds .

========================================================================
Received Import Request.
  Time since last request: 0.013620 seconds.
  path: Assets/Resources/Map/Plataforms/0.prefab
  artifactKey: Guid(7efa26c02978b3f4aa397cc446ef8b31) Importer(815301076,1909f56bfc062723c751e8b465ee728b)
Start importing Assets/Resources/Map/Plataforms/0.prefab using Guid(7efa26c02978b3f4aa397cc446ef8b31) Importer(815301076,1909f56bfc062723c751e8b465ee728b)  -> (artifact id: '67dc45909e69360089184318f5adfa40') in 0.010428 seconds
  Import took 0.014107 seconds .

========================================================================
Received Import Request.
  Time since last request: 10.950765 seconds.
  path: Assets/Resources/Map/Plataforms/0.prefab
  artifactKey: Guid(7efa26c02978b3f4aa397cc446ef8b31) Importer(815301076,1909f56bfc062723c751e8b465ee728b)
Start importing Assets/Resources/Map/Plataforms/0.prefab using Guid(7efa26c02978b3f4aa397cc446ef8b31) Importer(815301076,1909f56bfc062723c751e8b465ee728b)  -> (artifact id: 'cf5aaf05aa29c3ec0a08dbea1d298c55') in 0.006451 seconds
  Import took 0.010058 seconds .

========================================================================
Received Import Request.
  Time since last request: 0.019408 seconds.
  path: Assets/Resources/Map/Plataforms/0.prefab
  artifactKey: Guid(7efa26c02978b3f4aa397cc446ef8b31) Importer(815301076,1909f56bfc062723c751e8b465ee728b)
Start importing Assets/Resources/Map/Plataforms/0.prefab using Guid(7efa26c02978b3f4aa397cc446ef8b31) Importer(815301076,1909f56bfc062723c751e8b465ee728b)  -> (artifact id: 'cf5aaf05aa29c3ec0a08dbea1d298c55') in 0.009421 seconds
  Import took 0.013616 seconds .

========================================================================
Received Import Request.
  Time since last request: 2.268103 seconds.
  path: Assets/Resources/Map/Plataforms/0.prefab
  artifactKey: Guid(7efa26c02978b3f4aa397cc446ef8b31) Importer(815301076,1909f56bfc062723c751e8b465ee728b)
Start importing Assets/Resources/Map/Plataforms/0.prefab using Guid(7efa26c02978b3f4aa397cc446ef8b31) Importer(815301076,1909f56bfc062723c751e8b465ee728b)  -> (artifact id: '74206d24ebc607f44b018c891354e7c4') in 0.006429 seconds
  Import took 0.010052 seconds .

========================================================================
Received Import Request.
  Time since last request: 0.012402 seconds.
  path: Assets/Resources/Map/Plataforms/0.prefab
  artifactKey: Guid(7efa26c02978b3f4aa397cc446ef8b31) Importer(815301076,1909f56bfc062723c751e8b465ee728b)
Start importing Assets/Resources/Map/Plataforms/0.prefab using Guid(7efa26c02978b3f4aa397cc446ef8b31) Importer(815301076,1909f56bfc062723c751e8b465ee728b)  -> (artifact id: '74206d24ebc607f44b018c891354e7c4') in 0.006505 seconds
  Import took 0.010163 seconds .

========================================================================
Received Import Request.
  Time since last request: 9.994124 seconds.
  path: Assets/Resources/Map/Plataforms/0.prefab
  artifactKey: Guid(7efa26c02978b3f4aa397cc446ef8b31) Importer(815301076,1909f56bfc062723c751e8b465ee728b)
Start importing Assets/Resources/Map/Plataforms/0.prefab using Guid(7efa26c02978b3f4aa397cc446ef8b31) Importer(815301076,1909f56bfc062723c751e8b465ee728b)  -> (artifact id: 'cf19e9f717c067f809f1e4c94c88d45d') in 0.007063 seconds
  Import took 0.010712 seconds .

========================================================================
Received Import Request.
  Time since last request: 0.012851 seconds.
  path: Assets/Resources/Map/Plataforms/0.prefab
  artifactKey: Guid(7efa26c02978b3f4aa397cc446ef8b31) Importer(815301076,1909f56bfc062723c751e8b465ee728b)
Start importing Assets/Resources/Map/Plataforms/0.prefab using Guid(7efa26c02978b3f4aa397cc446ef8b31) Importer(815301076,1909f56bfc062723c751e8b465ee728b)  -> (artifact id: 'cf19e9f717c067f809f1e4c94c88d45d') in 0.009432 seconds
  Import took 0.013140 seconds .

========================================================================
Received Import Request.
  Time since last request: 2.243410 seconds.
  path: Assets/Resources/Map/Plataforms/0.prefab
  artifactKey: Guid(7efa26c02978b3f4aa397cc446ef8b31) Importer(815301076,1909f56bfc062723c751e8b465ee728b)
Start importing Assets/Resources/Map/Plataforms/0.prefab using Guid(7efa26c02978b3f4aa397cc446ef8b31) Importer(815301076,1909f56bfc062723c751e8b465ee728b)  -> (artifact id: '0c53a4a2f5fa97fdd2265100c59b2c92') in 0.006392 seconds
  Import took 0.010150 seconds .

========================================================================
Received Import Request.
  Time since last request: 0.019978 seconds.
  path: Assets/Resources/Map/Plataforms/0.prefab
  artifactKey: Guid(7efa26c02978b3f4aa397cc446ef8b31) Importer(815301076,1909f56bfc062723c751e8b465ee728b)
Start importing Assets/Resources/Map/Plataforms/0.prefab using Guid(7efa26c02978b3f4aa397cc446ef8b31) Importer(815301076,1909f56bfc062723c751e8b465ee728b)  -> (artifact id: '0c53a4a2f5fa97fdd2265100c59b2c92') in 0.008626 seconds
  Import took 0.012386 seconds .

========================================================================
Received Import Request.
  Time since last request: 17.427285 seconds.
  path: Assets/Resources/Map/Plataforms/0.prefab
  artifactKey: Guid(7efa26c02978b3f4aa397cc446ef8b31) Importer(815301076,1909f56bfc062723c751e8b465ee728b)
Start importing Assets/Resources/Map/Plataforms/0.prefab using Guid(7efa26c02978b3f4aa397cc446ef8b31) Importer(815301076,1909f56bfc062723c751e8b465ee728b)  -> (artifact id: 'd88ae8d65fbe3bedc77ea2d659e770c2') in 0.008103 seconds
  Import took 0.011849 seconds .

========================================================================
Received Import Request.
  Time since last request: 0.016403 seconds.
  path: Assets/Resources/Map/Plataforms/0.prefab
  artifactKey: Guid(7efa26c02978b3f4aa397cc446ef8b31) Importer(815301076,1909f56bfc062723c751e8b465ee728b)
Start importing Assets/Resources/Map/Plataforms/0.prefab using Guid(7efa26c02978b3f4aa397cc446ef8b31) Importer(815301076,1909f56bfc062723c751e8b465ee728b)  -> (artifact id: 'd88ae8d65fbe3bedc77ea2d659e770c2') in 0.006432 seconds
  Import took 0.010369 seconds .

========================================================================
Received Import Request.
  Time since last request: 5.099237 seconds.
  path: Assets/Resources/Map/Plataforms/0.prefab
  artifactKey: Guid(7efa26c02978b3f4aa397cc446ef8b31) Importer(815301076,1909f56bfc062723c751e8b465ee728b)
Start importing Assets/Resources/Map/Plataforms/0.prefab using Guid(7efa26c02978b3f4aa397cc446ef8b31) Importer(815301076,1909f56bfc062723c751e8b465ee728b)  -> (artifact id: '3b5d7bae5e69dc31d3326f10797791ca') in 0.006317 seconds
  Import took 0.009924 seconds .

========================================================================
Received Import Request.
  Time since last request: 0.017794 seconds.
  path: Assets/Resources/Map/Plataforms/0.prefab
  artifactKey: Guid(7efa26c02978b3f4aa397cc446ef8b31) Importer(815301076,1909f56bfc062723c751e8b465ee728b)
Start importing Assets/Resources/Map/Plataforms/0.prefab using Guid(7efa26c02978b3f4aa397cc446ef8b31) Importer(815301076,1909f56bfc062723c751e8b465ee728b)  -> (artifact id: '3b5d7bae5e69dc31d3326f10797791ca') in 0.007814 seconds
  Import took 0.011425 seconds .

========================================================================
Received Import Request.
  Time since last request: 3.893604 seconds.
  path: Assets/Resources/Map/Plataforms/0.prefab
  artifactKey: Guid(7efa26c02978b3f4aa397cc446ef8b31) Importer(815301076,1909f56bfc062723c751e8b465ee728b)
Start importing Assets/Resources/Map/Plataforms/0.prefab using Guid(7efa26c02978b3f4aa397cc446ef8b31) Importer(815301076,1909f56bfc062723c751e8b465ee728b)  -> (artifact id: 'd6741a223b68bedf01650db47400f60c') in 0.007492 seconds
  Import took 0.011135 seconds .

========================================================================
Received Import Request.
  Time since last request: 0.014271 seconds.
  path: Assets/Resources/Map/Plataforms/0.prefab
  artifactKey: Guid(7efa26c02978b3f4aa397cc446ef8b31) Importer(815301076,1909f56bfc062723c751e8b465ee728b)
Start importing Assets/Resources/Map/Plataforms/0.prefab using Guid(7efa26c02978b3f4aa397cc446ef8b31) Importer(815301076,1909f56bfc062723c751e8b465ee728b)  -> (artifact id: 'd6741a223b68bedf01650db47400f60c') in 0.007146 seconds
  Import took 0.010898 seconds .

========================================================================
Received Import Request.
  Time since last request: 8.326832 seconds.
  path: Assets/Resources/Map/Plataforms/0.prefab
  artifactKey: Guid(7efa26c02978b3f4aa397cc446ef8b31) Importer(815301076,1909f56bfc062723c751e8b465ee728b)
Start importing Assets/Resources/Map/Plataforms/0.prefab using Guid(7efa26c02978b3f4aa397cc446ef8b31) Importer(815301076,1909f56bfc062723c751e8b465ee728b)  -> (artifact id: '1b397ca289a11def11941120a649b182') in 0.007392 seconds
  Import took 0.011102 seconds .

========================================================================
Received Import Request.
  Time since last request: 0.012071 seconds.
  path: Assets/Resources/Map/Plataforms/0.prefab
  artifactKey: Guid(7efa26c02978b3f4aa397cc446ef8b31) Importer(815301076,1909f56bfc062723c751e8b465ee728b)
Start importing Assets/Resources/Map/Plataforms/0.prefab using Guid(7efa26c02978b3f4aa397cc446ef8b31) Importer(815301076,1909f56bfc062723c751e8b465ee728b)  -> (artifact id: '1b397ca289a11def11941120a649b182') in 0.009003 seconds
  Import took 0.012794 seconds .

========================================================================
Received Import Request.
  Time since last request: 0.665790 seconds.
  path: Assets/Resources/Map/Plataforms/0.prefab
  artifactKey: Guid(7efa26c02978b3f4aa397cc446ef8b31) Importer(815301076,1909f56bfc062723c751e8b465ee728b)
Start importing Assets/Resources/Map/Plataforms/0.prefab using Guid(7efa26c02978b3f4aa397cc446ef8b31) Importer(815301076,1909f56bfc062723c751e8b465ee728b)  -> (artifact id: 'c38f58bdd5e7ec33f05e423aad9ed3e7') in 0.006921 seconds
  Import took 0.010647 seconds .

========================================================================
Received Import Request.
  Time since last request: 0.012095 seconds.
  path: Assets/Resources/Map/Plataforms/0.prefab
  artifactKey: Guid(7efa26c02978b3f4aa397cc446ef8b31) Importer(815301076,1909f56bfc062723c751e8b465ee728b)
Start importing Assets/Resources/Map/Plataforms/0.prefab using Guid(7efa26c02978b3f4aa397cc446ef8b31) Importer(815301076,1909f56bfc062723c751e8b465ee728b)  -> (artifact id: 'c38f58bdd5e7ec33f05e423aad9ed3e7') in 0.009565 seconds
  Import took 0.013165 seconds .

========================================================================
Received Import Request.
  Time since last request: 2.509599 seconds.
  path: Assets/Resources/Map/Plataforms/0.prefab
  artifactKey: Guid(7efa26c02978b3f4aa397cc446ef8b31) Importer(815301076,1909f56bfc062723c751e8b465ee728b)
Start importing Assets/Resources/Map/Plataforms/0.prefab using Guid(7efa26c02978b3f4aa397cc446ef8b31) Importer(815301076,1909f56bfc062723c751e8b465ee728b)  -> (artifact id: '99eddb2f9085fafcfd699233e7502757') in 0.006738 seconds
  Import took 0.010466 seconds .

========================================================================
Received Import Request.
  Time since last request: 0.013002 seconds.
  path: Assets/Resources/Map/Plataforms/0.prefab
  artifactKey: Guid(7efa26c02978b3f4aa397cc446ef8b31) Importer(815301076,1909f56bfc062723c751e8b465ee728b)
Start importing Assets/Resources/Map/Plataforms/0.prefab using Guid(7efa26c02978b3f4aa397cc446ef8b31) Importer(815301076,1909f56bfc062723c751e8b465ee728b)  -> (artifact id: '99eddb2f9085fafcfd699233e7502757') in 0.014253 seconds
  Import took 0.018029 seconds .

========================================================================
Received Import Request.
  Time since last request: 33.448268 seconds.
  path: Assets/Resources/Map/Plataforms/0.prefab
  artifactKey: Guid(7efa26c02978b3f4aa397cc446ef8b31) Importer(815301076,1909f56bfc062723c751e8b465ee728b)
Start importing Assets/Resources/Map/Plataforms/0.prefab using Guid(7efa26c02978b3f4aa397cc446ef8b31) Importer(815301076,1909f56bfc062723c751e8b465ee728b)  -> (artifact id: '75c02778a5c6e8d498efdfea9e1c8005') in 0.007431 seconds
  Import took 0.011166 seconds .

========================================================================
Received Import Request.
  Time since last request: 0.018142 seconds.
  path: Assets/Resources/Map/Plataforms/0.prefab
  artifactKey: Guid(7efa26c02978b3f4aa397cc446ef8b31) Importer(815301076,1909f56bfc062723c751e8b465ee728b)
Start importing Assets/Resources/Map/Plataforms/0.prefab using Guid(7efa26c02978b3f4aa397cc446ef8b31) Importer(815301076,1909f56bfc062723c751e8b465ee728b)  -> (artifact id: '75c02778a5c6e8d498efdfea9e1c8005') in 0.014369 seconds
  Import took 0.018234 seconds .

========================================================================
Received Import Request.
  Time since last request: 14.799404 seconds.
  path: Assets/Resources/Map/Plataforms/0.prefab
  artifactKey: Guid(7efa26c02978b3f4aa397cc446ef8b31) Importer(815301076,1909f56bfc062723c751e8b465ee728b)
Start importing Assets/Resources/Map/Plataforms/0.prefab using Guid(7efa26c02978b3f4aa397cc446ef8b31) Importer(815301076,1909f56bfc062723c751e8b465ee728b)  -> (artifact id: '3b2a8332dc8e42c0f488a22518c7d3fa') in 0.007404 seconds
  Import took 0.011147 seconds .

========================================================================
Received Import Request.
  Time since last request: 0.015592 seconds.
  path: Assets/Resources/Map/Plataforms/0.prefab
  artifactKey: Guid(7efa26c02978b3f4aa397cc446ef8b31) Importer(815301076,1909f56bfc062723c751e8b465ee728b)
Start importing Assets/Resources/Map/Plataforms/0.prefab using Guid(7efa26c02978b3f4aa397cc446ef8b31) Importer(815301076,1909f56bfc062723c751e8b465ee728b)  -> (artifact id: '3b2a8332dc8e42c0f488a22518c7d3fa') in 0.022405 seconds
  Import took 0.026361 seconds .

========================================================================
Received Import Request.
  Time since last request: 0.851523 seconds.
  path: Assets/Resources/Map/Plataforms/0.prefab
  artifactKey: Guid(7efa26c02978b3f4aa397cc446ef8b31) Importer(815301076,1909f56bfc062723c751e8b465ee728b)
Start importing Assets/Resources/Map/Plataforms/0.prefab using Guid(7efa26c02978b3f4aa397cc446ef8b31) Importer(815301076,1909f56bfc062723c751e8b465ee728b)  -> (artifact id: '0b2ec7ba17e6f1ff9a3af8a88e66618c') in 0.006134 seconds
  Import took 0.009942 seconds .

========================================================================
Received Import Request.
  Time since last request: 0.021929 seconds.
  path: Assets/Resources/Map/Plataforms/0.prefab
  artifactKey: Guid(7efa26c02978b3f4aa397cc446ef8b31) Importer(815301076,1909f56bfc062723c751e8b465ee728b)
Start importing Assets/Resources/Map/Plataforms/0.prefab using Guid(7efa26c02978b3f4aa397cc446ef8b31) Importer(815301076,1909f56bfc062723c751e8b465ee728b)  -> (artifact id: '0b2ec7ba17e6f1ff9a3af8a88e66618c') in 0.006045 seconds
  Import took 0.009751 seconds .

========================================================================
Received Import Request.
  Time since last request: 0.477657 seconds.
  path: Assets/Resources/Map/Plataforms/0.prefab
  artifactKey: Guid(7efa26c02978b3f4aa397cc446ef8b31) Importer(815301076,1909f56bfc062723c751e8b465ee728b)
Start importing Assets/Resources/Map/Plataforms/0.prefab using Guid(7efa26c02978b3f4aa397cc446ef8b31) Importer(815301076,1909f56bfc062723c751e8b465ee728b)  -> (artifact id: '4e572501f40a19e4c27cba52e0215263') in 0.006021 seconds
  Import took 0.009793 seconds .

========================================================================
Received Import Request.
  Time since last request: 0.022441 seconds.
  path: Assets/Resources/Map/Plataforms/0.prefab
  artifactKey: Guid(7efa26c02978b3f4aa397cc446ef8b31) Importer(815301076,1909f56bfc062723c751e8b465ee728b)
Start importing Assets/Resources/Map/Plataforms/0.prefab using Guid(7efa26c02978b3f4aa397cc446ef8b31) Importer(815301076,1909f56bfc062723c751e8b465ee728b)  -> (artifact id: '4e572501f40a19e4c27cba52e0215263') in 0.006666 seconds
  Import took 0.010478 seconds .

========================================================================
Received Import Request.
  Time since last request: 0.452100 seconds.
  path: Assets/Resources/Map/Plataforms/0.prefab
  artifactKey: Guid(7efa26c02978b3f4aa397cc446ef8b31) Importer(815301076,1909f56bfc062723c751e8b465ee728b)
Start importing Assets/Resources/Map/Plataforms/0.prefab using Guid(7efa26c02978b3f4aa397cc446ef8b31) Importer(815301076,1909f56bfc062723c751e8b465ee728b)  -> (artifact id: 'a416d6bca2d282e77bd7e9e41eeffe54') in 0.006154 seconds
  Import took 0.009841 seconds .

========================================================================
Received Import Request.
  Time since last request: 0.016752 seconds.
  path: Assets/Resources/Map/Plataforms/0.prefab
  artifactKey: Guid(7efa26c02978b3f4aa397cc446ef8b31) Importer(815301076,1909f56bfc062723c751e8b465ee728b)
Start importing Assets/Resources/Map/Plataforms/0.prefab using Guid(7efa26c02978b3f4aa397cc446ef8b31) Importer(815301076,1909f56bfc062723c751e8b465ee728b)  -> (artifact id: 'a416d6bca2d282e77bd7e9e41eeffe54') in 0.006615 seconds
  Import took 0.010416 seconds .

========================================================================
Received Import Request.
  Time since last request: 1.063875 seconds.
  path: Assets/Resources/Map/Plataforms/0.prefab
  artifactKey: Guid(7efa26c02978b3f4aa397cc446ef8b31) Importer(815301076,1909f56bfc062723c751e8b465ee728b)
Start importing Assets/Resources/Map/Plataforms/0.prefab using Guid(7efa26c02978b3f4aa397cc446ef8b31) Importer(815301076,1909f56bfc062723c751e8b465ee728b)  -> (artifact id: 'e926a873add0bd2831d6b5352b8d39b1') in 0.006154 seconds
  Import took 0.010127 seconds .

========================================================================
Received Import Request.
  Time since last request: 0.016310 seconds.
  path: Assets/Resources/Map/Plataforms/0.prefab
  artifactKey: Guid(7efa26c02978b3f4aa397cc446ef8b31) Importer(815301076,1909f56bfc062723c751e8b465ee728b)
Start importing Assets/Resources/Map/Plataforms/0.prefab using Guid(7efa26c02978b3f4aa397cc446ef8b31) Importer(815301076,1909f56bfc062723c751e8b465ee728b)  -> (artifact id: 'e926a873add0bd2831d6b5352b8d39b1') in 0.006137 seconds
  Import took 0.009977 seconds .

========================================================================
Received Import Request.
  Time since last request: 1.656179 seconds.
  path: Assets/Resources/Map/Plataforms/0.prefab
  artifactKey: Guid(7efa26c02978b3f4aa397cc446ef8b31) Importer(815301076,1909f56bfc062723c751e8b465ee728b)
Start importing Assets/Resources/Map/Plataforms/0.prefab using Guid(7efa26c02978b3f4aa397cc446ef8b31) Importer(815301076,1909f56bfc062723c751e8b465ee728b)  -> (artifact id: 'b89b79a87ae865ab56eaa30623809288') in 0.006382 seconds
  Import took 0.010071 seconds .

========================================================================
Received Import Request.
  Time since last request: 0.016346 seconds.
  path: Assets/Resources/Map/Plataforms/0.prefab
  artifactKey: Guid(7efa26c02978b3f4aa397cc446ef8b31) Importer(815301076,1909f56bfc062723c751e8b465ee728b)
Start importing Assets/Resources/Map/Plataforms/0.prefab using Guid(7efa26c02978b3f4aa397cc446ef8b31) Importer(815301076,1909f56bfc062723c751e8b465ee728b)  -> (artifact id: 'b89b79a87ae865ab56eaa30623809288') in 0.006536 seconds
  Import took 0.010289 seconds .

========================================================================
Received Import Request.
  Time since last request: 0.248552 seconds.
  path: Assets/Resources/Map/Plataforms/0.prefab
  artifactKey: Guid(7efa26c02978b3f4aa397cc446ef8b31) Importer(815301076,1909f56bfc062723c751e8b465ee728b)
Start importing Assets/Resources/Map/Plataforms/0.prefab using Guid(7efa26c02978b3f4aa397cc446ef8b31) Importer(815301076,1909f56bfc062723c751e8b465ee728b)  -> (artifact id: '3a3c4c5a35eba09c3a89d33cc2252dd3') in 0.006579 seconds
  Import took 0.010264 seconds .

========================================================================
Received Import Request.
  Time since last request: 0.015496 seconds.
  path: Assets/Resources/Map/Plataforms/0.prefab
  artifactKey: Guid(7efa26c02978b3f4aa397cc446ef8b31) Importer(815301076,1909f56bfc062723c751e8b465ee728b)
Start importing Assets/Resources/Map/Plataforms/0.prefab using Guid(7efa26c02978b3f4aa397cc446ef8b31) Importer(815301076,1909f56bfc062723c751e8b465ee728b)  -> (artifact id: '3a3c4c5a35eba09c3a89d33cc2252dd3') in 0.010113 seconds
  Import took 0.014067 seconds .

========================================================================
Received Import Request.
  Time since last request: 0.447278 seconds.
  path: Assets/Resources/Map/Plataforms/0.prefab
  artifactKey: Guid(7efa26c02978b3f4aa397cc446ef8b31) Importer(815301076,1909f56bfc062723c751e8b465ee728b)
Start importing Assets/Resources/Map/Plataforms/0.prefab using Guid(7efa26c02978b3f4aa397cc446ef8b31) Importer(815301076,1909f56bfc062723c751e8b465ee728b)  -> (artifact id: '630b18f48bff565e26ccf2444c4626af') in 0.006746 seconds
  Import took 0.010789 seconds .

========================================================================
Received Import Request.
  Time since last request: 0.015245 seconds.
  path: Assets/Resources/Map/Plataforms/0.prefab
  artifactKey: Guid(7efa26c02978b3f4aa397cc446ef8b31) Importer(815301076,1909f56bfc062723c751e8b465ee728b)
Start importing Assets/Resources/Map/Plataforms/0.prefab using Guid(7efa26c02978b3f4aa397cc446ef8b31) Importer(815301076,1909f56bfc062723c751e8b465ee728b)  -> (artifact id: '630b18f48bff565e26ccf2444c4626af') in 0.007936 seconds
  Import took 0.011683 seconds .

========================================================================
Received Import Request.
  Time since last request: 0.450841 seconds.
  path: Assets/Resources/Map/Plataforms/0.prefab
  artifactKey: Guid(7efa26c02978b3f4aa397cc446ef8b31) Importer(815301076,1909f56bfc062723c751e8b465ee728b)
Start importing Assets/Resources/Map/Plataforms/0.prefab using Guid(7efa26c02978b3f4aa397cc446ef8b31) Importer(815301076,1909f56bfc062723c751e8b465ee728b)  -> (artifact id: 'dddd9721823c737d67ec7db24a58c281') in 0.006816 seconds
  Import took 0.010570 seconds .

========================================================================
Received Import Request.
  Time since last request: 0.015923 seconds.
  path: Assets/Resources/Map/Plataforms/0.prefab
  artifactKey: Guid(7efa26c02978b3f4aa397cc446ef8b31) Importer(815301076,1909f56bfc062723c751e8b465ee728b)
Start importing Assets/Resources/Map/Plataforms/0.prefab using Guid(7efa26c02978b3f4aa397cc446ef8b31) Importer(815301076,1909f56bfc062723c751e8b465ee728b)  -> (artifact id: 'dddd9721823c737d67ec7db24a58c281') in 0.007376 seconds
  Import took 0.011040 seconds .

========================================================================
Received Import Request.
  Time since last request: 0.461063 seconds.
  path: Assets/Resources/Map/Plataforms/0.prefab
  artifactKey: Guid(7efa26c02978b3f4aa397cc446ef8b31) Importer(815301076,1909f56bfc062723c751e8b465ee728b)
Start importing Assets/Resources/Map/Plataforms/0.prefab using Guid(7efa26c02978b3f4aa397cc446ef8b31) Importer(815301076,1909f56bfc062723c751e8b465ee728b)  -> (artifact id: '8fa1e8cf7969387e0eef611dfe478d6b') in 0.006077 seconds
  Import took 0.009722 seconds .

========================================================================
Received Import Request.
  Time since last request: 0.016236 seconds.
  path: Assets/Resources/Map/Plataforms/0.prefab
  artifactKey: Guid(7efa26c02978b3f4aa397cc446ef8b31) Importer(815301076,1909f56bfc062723c751e8b465ee728b)
Start importing Assets/Resources/Map/Plataforms/0.prefab using Guid(7efa26c02978b3f4aa397cc446ef8b31) Importer(815301076,1909f56bfc062723c751e8b465ee728b)  -> (artifact id: '8fa1e8cf7969387e0eef611dfe478d6b') in 0.008026 seconds
  Import took 0.012453 seconds .

========================================================================
Received Prepare
Registering precompiled user dll's ...
Registered in 0.002029 seconds.
Begin MonoManager ReloadAssembly
Native extension for WindowsStandalone target not found
Refreshing native plugins compatible for Editor in 0.59 ms, found 0 plugins.
Preloading 0 native plugins for Editor in 0.00 ms.
Invoked RoslynAnalysisRunner static constructor.
RoslynAnalysisRunner will not be running.
RoslynAnalysisRunner has terminated.
Mono: successfully reloaded assembly
- Completed reload, in  0.759 seconds
Platform modules already initialized, skipping
Switching build target platform(5) subTarget(0) extendedPlatform(0) -> platform(13) subTarget(589824) extendedPlatform(0)
Shader 'Universal Render Pipeline/Particles/Lit': fallback shader 'Universal Render Pipeline/Particles/SimpleLit' not found
Refreshing native plugins compatible for Editor in 0.60 ms, found 0 plugins.
Preloading 0 native plugins for Editor in 0.00 ms.
Unloading 2656 Unused Serialized files (Serialized files now loaded: 0)
System memory in use before: 118.5 MB.
System memory in use after: 118.7 MB.

Unloading 25 unused Assets to reduce memory usage. Loaded Objects now: 3186.
Total: 1.760500 ms (FindLiveObjects: 0.243300 ms CreateObjectMapping: 0.064100 ms MarkObjects: 1.433800 ms  DeleteObjects: 0.018000 ms)

AssetImportParameters requested are different than current active one (requested -> active):
  custom:graphics/normal-map-encoding: 01000000000000000000000000000000 -> 02000000000000000000000000000000
========================================================================
Received Import Request.
  Time since last request: 142.260703 seconds.
  path: Assets/Resources/Map/Plataforms/0.prefab
  artifactKey: Guid(7efa26c02978b3f4aa397cc446ef8b31) Importer(815301076,1909f56bfc062723c751e8b465ee728b)
Start importing Assets/Resources/Map/Plataforms/0.prefab using Guid(7efa26c02978b3f4aa397cc446ef8b31) Importer(815301076,1909f56bfc062723c751e8b465ee728b)  -> (artifact id: '84ca5c74a400a733d0361584d1b0853d') in 0.049389 seconds
  Import took 0.053074 seconds .

========================================================================
Received Import Request.
  Time since last request: 0.000148 seconds.
  path: Assets/Resources/Map/Plataforms/2.prefab
  artifactKey: Guid(2ddb124c44127b9488124ce7cdb53ba2) Importer(815301076,1909f56bfc062723c751e8b465ee728b)
Start importing Assets/Resources/Map/Plataforms/2.prefab using Guid(2ddb124c44127b9488124ce7cdb53ba2) Importer(815301076,1909f56bfc062723c751e8b465ee728b)  -> (artifact id: '2a538ff518082615bc06eff3fba19c05') in 0.493716 seconds
  Import took 0.497930 seconds .

========================================================================
Received Import Request.
  Time since last request: 0.000145 seconds.
  path: Assets/Resources/Map/Plataforms/1.prefab
  artifactKey: Guid(c3fffac684f1cc44caa2f23e8f7a5019) Importer(815301076,1909f56bfc062723c751e8b465ee728b)
Start importing Assets/Resources/Map/Plataforms/1.prefab using Guid(c3fffac684f1cc44caa2f23e8f7a5019) Importer(815301076,1909f56bfc062723c751e8b465ee728b)  -> (artifact id: 'f8609c144184b40ec6ece49748233ad0') in 0.356157 seconds
  Import took 0.360667 seconds .

========================================================================
Received Import Request.
  Time since last request: 0.000230 seconds.
  path: Assets/Resources/Map/Plataforms/3.prefab
  artifactKey: Guid(de21a0827661bd84e9a3c24c1932f4f2) Importer(815301076,1909f56bfc062723c751e8b465ee728b)
Start importing Assets/Resources/Map/Plataforms/3.prefab using Guid(de21a0827661bd84e9a3c24c1932f4f2) Importer(815301076,1909f56bfc062723c751e8b465ee728b)  -> (artifact id: 'a61a630bb50c1ff7c266dc81f522577e') in 0.487768 seconds
  Import took 0.493428 seconds .

========================================================================
Received Import Request.
  Time since last request: 0.000157 seconds.
  path: Assets/Resources/Map/Plataforms/4.prefab
  artifactKey: Guid(b8f46cb407debf544b23d7444bd05490) Importer(815301076,1909f56bfc062723c751e8b465ee728b)
Start importing Assets/Resources/Map/Plataforms/4.prefab using Guid(b8f46cb407debf544b23d7444bd05490) Importer(815301076,1909f56bfc062723c751e8b465ee728b)  -> (artifact id: 'a9344ec2e164682c9b240ab7ce13eb3c') in 0.152481 seconds
  Import took 0.156006 seconds .

========================================================================
Received Prepare
Registering precompiled user dll's ...
Registered in 0.002105 seconds.
Begin MonoManager ReloadAssembly
Native extension for WindowsStandalone target not found
Refreshing native plugins compatible for Editor in 0.87 ms, found 0 plugins.
Preloading 0 native plugins for Editor in 0.00 ms.
Invoked RoslynAnalysisRunner static constructor.
RoslynAnalysisRunner will not be running.
RoslynAnalysisRunner has terminated.
Mono: successfully reloaded assembly
- Completed reload, in  0.774 seconds
Platform modules already initialized, skipping
Switching build target platform(5) subTarget(0) extendedPlatform(0) -> platform(13) subTarget(589824) extendedPlatform(0)
Shader 'Universal Render Pipeline/Particles/Lit': fallback shader 'Universal Render Pipeline/Particles/SimpleLit' not found
Refreshing native plugins compatible for Editor in 0.59 ms, found 0 plugins.
Preloading 0 native plugins for Editor in 0.00 ms.
Unloading 2656 Unused Serialized files (Serialized files now loaded: 0)
System memory in use before: 118.6 MB.
System memory in use after: 118.9 MB.

Unloading 25 unused Assets to reduce memory usage. Loaded Objects now: 3189.
Total: 1.792300 ms (FindLiveObjects: 0.246900 ms CreateObjectMapping: 0.074100 ms MarkObjects: 1.455100 ms  DeleteObjects: 0.015200 ms)

AssetImportParameters requested are different than current active one (requested -> active):
  custom:graphics/normal-map-encoding: 01000000000000000000000000000000 -> 02000000000000000000000000000000
========================================================================
Received Import Request.
  Time since last request: 1856.494818 seconds.
  path: Assets/Resources/Map/Plataforms/2.prefab
  artifactKey: Guid(2ddb124c44127b9488124ce7cdb53ba2) Importer(815301076,1909f56bfc062723c751e8b465ee728b)
Start importing Assets/Resources/Map/Plataforms/2.prefab using Guid(2ddb124c44127b9488124ce7cdb53ba2) Importer(815301076,1909f56bfc062723c751e8b465ee728b)  -> (artifact id: '76dac031a4fc6e08ea5d945a29ff53b7') in 0.538495 seconds
  Import took 0.544255 seconds .

========================================================================
Received Import Request.
  Time since last request: 0.000177 seconds.
  path: Assets/Resources/Map/Plataforms/1.prefab
  artifactKey: Guid(c3fffac684f1cc44caa2f23e8f7a5019) Importer(815301076,1909f56bfc062723c751e8b465ee728b)
Start importing Assets/Resources/Map/Plataforms/1.prefab using Guid(c3fffac684f1cc44caa2f23e8f7a5019) Importer(815301076,1909f56bfc062723c751e8b465ee728b)  -> (artifact id: '2a850834933f0783ec1334be86d90dc9') in 0.354870 seconds
  Import took 0.359032 seconds .

========================================================================
Received Import Request.
  Time since last request: 0.000144 seconds.
  path: Assets/Resources/Map/Plataforms/3.prefab
  artifactKey: Guid(de21a0827661bd84e9a3c24c1932f4f2) Importer(815301076,1909f56bfc062723c751e8b465ee728b)
Start importing Assets/Resources/Map/Plataforms/3.prefab using Guid(de21a0827661bd84e9a3c24c1932f4f2) Importer(815301076,1909f56bfc062723c751e8b465ee728b)  -> (artifact id: 'c0430b2db4dec6f24df4137784f8c392') in 0.483779 seconds
  Import took 0.488239 seconds .

========================================================================
Received Import Request.
  Time since last request: 0.000143 seconds.
  path: Assets/Resources/Map/Plataforms/4.prefab
  artifactKey: Guid(b8f46cb407debf544b23d7444bd05490) Importer(815301076,1909f56bfc062723c751e8b465ee728b)
Start importing Assets/Resources/Map/Plataforms/4.prefab using Guid(b8f46cb407debf544b23d7444bd05490) Importer(815301076,1909f56bfc062723c751e8b465ee728b)  -> (artifact id: 'd667a64006a9ef627fd4618629926963') in 0.152189 seconds
  Import took 0.155681 seconds .

========================================================================
Received Import Request.
  Time since last request: 0.000191 seconds.
  path: Assets/Resources/Map/Plataforms/0.prefab
  artifactKey: Guid(7efa26c02978b3f4aa397cc446ef8b31) Importer(815301076,1909f56bfc062723c751e8b465ee728b)
Start importing Assets/Resources/Map/Plataforms/0.prefab using Guid(7efa26c02978b3f4aa397cc446ef8b31) Importer(815301076,1909f56bfc062723c751e8b465ee728b)  -> (artifact id: 'd2dcda58284a7e148d9fa77a52175840') in 0.005780 seconds
  Import took 0.009359 seconds .

========================================================================
Received Import Request.
  Time since last request: 2.732890 seconds.
  path: Assets/Resources/Map/Plataforms/0.prefab
  artifactKey: Guid(7efa26c02978b3f4aa397cc446ef8b31) Importer(815301076,1909f56bfc062723c751e8b465ee728b)
Start importing Assets/Resources/Map/Plataforms/0.prefab using Guid(7efa26c02978b3f4aa397cc446ef8b31) Importer(815301076,1909f56bfc062723c751e8b465ee728b)  -> (artifact id: '061642b71d910b3e3e0a39315904c55c') in 0.005288 seconds
  Import took 0.008867 seconds .

========================================================================
Received Import Request.
  Time since last request: 0.016411 seconds.
  path: Assets/Resources/Map/Plataforms/0.prefab
  artifactKey: Guid(7efa26c02978b3f4aa397cc446ef8b31) Importer(815301076,1909f56bfc062723c751e8b465ee728b)
Start importing Assets/Resources/Map/Plataforms/0.prefab using Guid(7efa26c02978b3f4aa397cc446ef8b31) Importer(815301076,1909f56bfc062723c751e8b465ee728b)  -> (artifact id: '061642b71d910b3e3e0a39315904c55c') in 0.005324 seconds
  Import took 0.008840 seconds .

========================================================================
Received Import Request.
  Time since last request: 5.769622 seconds.
  path: Assets/Resources/Map/Plataforms/0.prefab
  artifactKey: Guid(7efa26c02978b3f4aa397cc446ef8b31) Importer(815301076,1909f56bfc062723c751e8b465ee728b)
Start importing Assets/Resources/Map/Plataforms/0.prefab using Guid(7efa26c02978b3f4aa397cc446ef8b31) Importer(815301076,1909f56bfc062723c751e8b465ee728b)  -> (artifact id: '7e659b3fcc0925dc1d31694119f6f232') in 0.007436 seconds
  Import took 0.011007 seconds .

========================================================================
Received Import Request.
  Time since last request: 0.019462 seconds.
  path: Assets/Resources/Map/Plataforms/0.prefab
  artifactKey: Guid(7efa26c02978b3f4aa397cc446ef8b31) Importer(815301076,1909f56bfc062723c751e8b465ee728b)
Start importing Assets/Resources/Map/Plataforms/0.prefab using Guid(7efa26c02978b3f4aa397cc446ef8b31) Importer(815301076,1909f56bfc062723c751e8b465ee728b)  -> (artifact id: '7e659b3fcc0925dc1d31694119f6f232') in 0.006149 seconds
  Import took 0.009613 seconds .

========================================================================
Received Import Request.
  Time since last request: 4.123971 seconds.
  path: Assets/Resources/Map/Plataforms/0.prefab
  artifactKey: Guid(7efa26c02978b3f4aa397cc446ef8b31) Importer(815301076,1909f56bfc062723c751e8b465ee728b)
Start importing Assets/Resources/Map/Plataforms/0.prefab using Guid(7efa26c02978b3f4aa397cc446ef8b31) Importer(815301076,1909f56bfc062723c751e8b465ee728b)  -> (artifact id: 'f4ef1c2ee7368a0e8425f2a2830f3d72') in 0.006060 seconds
  Import took 0.009614 seconds .

========================================================================
Received Import Request.
  Time since last request: 0.012763 seconds.
  path: Assets/Resources/Map/Plataforms/0.prefab
  artifactKey: Guid(7efa26c02978b3f4aa397cc446ef8b31) Importer(815301076,1909f56bfc062723c751e8b465ee728b)
Start importing Assets/Resources/Map/Plataforms/0.prefab using Guid(7efa26c02978b3f4aa397cc446ef8b31) Importer(815301076,1909f56bfc062723c751e8b465ee728b)  -> (artifact id: 'f4ef1c2ee7368a0e8425f2a2830f3d72') in 0.013604 seconds
  Import took 0.017100 seconds .

========================================================================
Received Prepare
Registering precompiled user dll's ...
Registered in 0.002174 seconds.
Begin MonoManager ReloadAssembly
Native extension for WindowsStandalone target not found
Refreshing native plugins compatible for Editor in 0.62 ms, found 0 plugins.
Preloading 0 native plugins for Editor in 0.00 ms.
Invoked RoslynAnalysisRunner static constructor.
RoslynAnalysisRunner will not be running.
RoslynAnalysisRunner has terminated.
Mono: successfully reloaded assembly
- Completed reload, in  0.767 seconds
Platform modules already initialized, skipping
Switching build target platform(5) subTarget(0) extendedPlatform(0) -> platform(13) subTarget(589824) extendedPlatform(0)
Shader 'Universal Render Pipeline/Particles/Lit': fallback shader 'Universal Render Pipeline/Particles/SimpleLit' not found
Refreshing native plugins compatible for Editor in 0.62 ms, found 0 plugins.
Preloading 0 native plugins for Editor in 0.00 ms.
Unloading 2656 Unused Serialized files (Serialized files now loaded: 0)
System memory in use before: 118.7 MB.
System memory in use after: 118.9 MB.

Unloading 25 unused Assets to reduce memory usage. Loaded Objects now: 3192.
Total: 2.113500 ms (FindLiveObjects: 0.396600 ms CreateObjectMapping: 0.090800 ms MarkObjects: 1.610300 ms  DeleteObjects: 0.014600 ms)

AssetImportParameters requested are different than current active one (requested -> active):
  custom:graphics/normal-map-encoding: 01000000000000000000000000000000 -> 02000000000000000000000000000000
========================================================================
Received Import Request.
  Time since last request: 26.733229 seconds.
  path: Assets/Resources/Map/Plataforms/2.prefab
  artifactKey: Guid(2ddb124c44127b9488124ce7cdb53ba2) Importer(815301076,1909f56bfc062723c751e8b465ee728b)
Start importing Assets/Resources/Map/Plataforms/2.prefab using Guid(2ddb124c44127b9488124ce7cdb53ba2) Importer(815301076,1909f56bfc062723c751e8b465ee728b)  -> (artifact id: 'c3e9d7dc546a1c19ee9508281379c03f') in 0.536586 seconds
  Import took 0.541415 seconds .

========================================================================
Received Import Request.
  Time since last request: 0.000144 seconds.
  path: Assets/Resources/Map/Plataforms/1.prefab
  artifactKey: Guid(c3fffac684f1cc44caa2f23e8f7a5019) Importer(815301076,1909f56bfc062723c751e8b465ee728b)
Start importing Assets/Resources/Map/Plataforms/1.prefab using Guid(c3fffac684f1cc44caa2f23e8f7a5019) Importer(815301076,1909f56bfc062723c751e8b465ee728b)  -> (artifact id: 'b6dccc46eb9dfdd3f3eaafece6f32fbb') in 0.403383 seconds
  Import took 0.407595 seconds .

========================================================================
Received Import Request.
  Time since last request: 0.000179 seconds.
  path: Assets/Resources/Map/Plataforms/3.prefab
  artifactKey: Guid(de21a0827661bd84e9a3c24c1932f4f2) Importer(815301076,1909f56bfc062723c751e8b465ee728b)
Start importing Assets/Resources/Map/Plataforms/3.prefab using Guid(de21a0827661bd84e9a3c24c1932f4f2) Importer(815301076,1909f56bfc062723c751e8b465ee728b)  -> (artifact id: '8abf20e08b6d2bbf0694c6548707a5af') in 0.548593 seconds
  Import took 0.553083 seconds .

========================================================================
Received Import Request.
  Time since last request: 0.000128 seconds.
  path: Assets/Resources/Map/Plataforms/3.prefab
  artifactKey: Guid(de21a0827661bd84e9a3c24c1932f4f2) Importer(815301076,1909f56bfc062723c751e8b465ee728b)
Start importing Assets/Resources/Map/Plataforms/3.prefab using Guid(de21a0827661bd84e9a3c24c1932f4f2) Importer(815301076,1909f56bfc062723c751e8b465ee728b)  -> (artifact id: '8abf20e08b6d2bbf0694c6548707a5af') in 0.464665 seconds
  Import took 0.469264 seconds .

========================================================================
Received Import Request.
  Time since last request: 0.000139 seconds.
  path: Assets/Resources/Map/Plataforms/4.prefab
  artifactKey: Guid(b8f46cb407debf544b23d7444bd05490) Importer(815301076,1909f56bfc062723c751e8b465ee728b)
Start importing Assets/Resources/Map/Plataforms/4.prefab using Guid(b8f46cb407debf544b23d7444bd05490) Importer(815301076,1909f56bfc062723c751e8b465ee728b)  -> (artifact id: '52947a1d8060df5c6c11b743e5f49d6b') in 0.174492 seconds
  Import took 0.177804 seconds .

========================================================================
Received Import Request.
  Time since last request: 0.000138 seconds.
  path: Assets/Resources/Map/Plataforms/0.prefab
  artifactKey: Guid(7efa26c02978b3f4aa397cc446ef8b31) Importer(815301076,1909f56bfc062723c751e8b465ee728b)
Start importing Assets/Resources/Map/Plataforms/0.prefab using Guid(7efa26c02978b3f4aa397cc446ef8b31) Importer(815301076,1909f56bfc062723c751e8b465ee728b)  -> (artifact id: '2d87e94206e88bcfe9ff88fbb6a47176') in 0.006670 seconds
  Import took 0.009882 seconds .

========================================================================
Received Import Request.
  Time since last request: 2.856417 seconds.
  path: Assets/Resources/Map/Plataforms/0.prefab
  artifactKey: Guid(7efa26c02978b3f4aa397cc446ef8b31) Importer(815301076,1909f56bfc062723c751e8b465ee728b)
Start importing Assets/Resources/Map/Plataforms/0.prefab using Guid(7efa26c02978b3f4aa397cc446ef8b31) Importer(815301076,1909f56bfc062723c751e8b465ee728b)  -> (artifact id: '78062e8e93f56f3ac5713b50c582c4ff') in 0.007606 seconds
  Import took 0.011324 seconds .

========================================================================
Received Import Request.
  Time since last request: 0.015111 seconds.
  path: Assets/Resources/Map/Plataforms/0.prefab
  artifactKey: Guid(7efa26c02978b3f4aa397cc446ef8b31) Importer(815301076,1909f56bfc062723c751e8b465ee728b)
Start importing Assets/Resources/Map/Plataforms/0.prefab using Guid(7efa26c02978b3f4aa397cc446ef8b31) Importer(815301076,1909f56bfc062723c751e8b465ee728b)  -> (artifact id: '78062e8e93f56f3ac5713b50c582c4ff') in 0.009634 seconds
  Import took 0.013911 seconds .

========================================================================
Received Prepare
Registering precompiled user dll's ...
Registered in 0.002069 seconds.
Begin MonoManager ReloadAssembly
Native extension for WindowsStandalone target not found
Refreshing native plugins compatible for Editor in 0.59 ms, found 0 plugins.
Preloading 0 native plugins for Editor in 0.00 ms.
Invoked RoslynAnalysisRunner static constructor.
RoslynAnalysisRunner will not be running.
RoslynAnalysisRunner has terminated.
Mono: successfully reloaded assembly
- Completed reload, in  0.778 seconds
Platform modules already initialized, skipping
Switching build target platform(5) subTarget(0) extendedPlatform(0) -> platform(13) subTarget(589824) extendedPlatform(0)
Shader 'Universal Render Pipeline/Particles/Lit': fallback shader 'Universal Render Pipeline/Particles/SimpleLit' not found
Refreshing native plugins compatible for Editor in 0.59 ms, found 0 plugins.
Preloading 0 native plugins for Editor in 0.00 ms.
Unloading 2656 Unused Serialized files (Serialized files now loaded: 0)
System memory in use before: 118.7 MB.
System memory in use after: 118.9 MB.

Unloading 25 unused Assets to reduce memory usage. Loaded Objects now: 3195.
Total: 1.772700 ms (FindLiveObjects: 0.242500 ms CreateObjectMapping: 0.063700 ms MarkObjects: 1.449500 ms  DeleteObjects: 0.015900 ms)

AssetImportParameters requested are different than current active one (requested -> active):
  custom:graphics/normal-map-encoding: 01000000000000000000000000000000 -> 02000000000000000000000000000000
========================================================================
Received Prepare
Registering precompiled user dll's ...
Registered in 0.002063 seconds.
Begin MonoManager ReloadAssembly
Native extension for WindowsStandalone target not found
Refreshing native plugins compatible for Editor in 0.64 ms, found 0 plugins.
Preloading 0 native plugins for Editor in 0.00 ms.
Invoked RoslynAnalysisRunner static constructor.
RoslynAnalysisRunner will not be running.
RoslynAnalysisRunner has terminated.
Mono: successfully reloaded assembly
- Completed reload, in  0.802 seconds
Platform modules already initialized, skipping
Switching build target platform(5) subTarget(0) extendedPlatform(0) -> platform(13) subTarget(589824) extendedPlatform(0)
Shader 'Universal Render Pipeline/Particles/Lit': fallback shader 'Universal Render Pipeline/Particles/SimpleLit' not found
Refreshing native plugins compatible for Editor in 0.72 ms, found 0 plugins.
Preloading 0 native plugins for Editor in 0.00 ms.
Unloading 2656 Unused Serialized files (Serialized files now loaded: 0)
System memory in use before: 118.7 MB.
System memory in use after: 118.9 MB.

Unloading 25 unused Assets to reduce memory usage. Loaded Objects now: 3197.
Total: 2.050600 ms (FindLiveObjects: 0.305300 ms CreateObjectMapping: 0.067900 ms MarkObjects: 1.653100 ms  DeleteObjects: 0.023200 ms)

AssetImportParameters requested are different than current active one (requested -> active):
  custom:graphics/normal-map-encoding: 01000000000000000000000000000000 -> 02000000000000000000000000000000
========================================================================
Received Prepare
Registering precompiled user dll's ...
Registered in 0.002060 seconds.
Begin MonoManager ReloadAssembly
Native extension for WindowsStandalone target not found
Refreshing native plugins compatible for Editor in 0.60 ms, found 0 plugins.
Preloading 0 native plugins for Editor in 0.00 ms.
Invoked RoslynAnalysisRunner static constructor.
RoslynAnalysisRunner will not be running.
RoslynAnalysisRunner has terminated.
Mono: successfully reloaded assembly
- Completed reload, in  0.773 seconds
Platform modules already initialized, skipping
Switching build target platform(5) subTarget(0) extendedPlatform(0) -> platform(13) subTarget(589824) extendedPlatform(0)
Shader 'Universal Render Pipeline/Particles/Lit': fallback shader 'Universal Render Pipeline/Particles/SimpleLit' not found
Refreshing native plugins compatible for Editor in 0.70 ms, found 0 plugins.
Preloading 0 native plugins for Editor in 0.00 ms.
Unloading 2656 Unused Serialized files (Serialized files now loaded: 0)
System memory in use before: 118.7 MB.
System memory in use after: 118.9 MB.

Unloading 25 unused Assets to reduce memory usage. Loaded Objects now: 3199.
Total: 1.709000 ms (FindLiveObjects: 0.224000 ms CreateObjectMapping: 0.062100 ms MarkObjects: 1.408400 ms  DeleteObjects: 0.013900 ms)

AssetImportParameters requested are different than current active one (requested -> active):
  custom:graphics/normal-map-encoding: 01000000000000000000000000000000 -> 02000000000000000000000000000000
========================================================================
Received Prepare
Registering precompiled user dll's ...
Registered in 0.002023 seconds.
Begin MonoManager ReloadAssembly
Native extension for WindowsStandalone target not found
Refreshing native plugins compatible for Editor in 0.58 ms, found 0 plugins.
Preloading 0 native plugins for Editor in 0.00 ms.
Invoked RoslynAnalysisRunner static constructor.
RoslynAnalysisRunner will not be running.
RoslynAnalysisRunner has terminated.
Mono: successfully reloaded assembly
- Completed reload, in  0.766 seconds
Platform modules already initialized, skipping
Switching build target platform(5) subTarget(0) extendedPlatform(0) -> platform(13) subTarget(589824) extendedPlatform(0)
Shader 'Universal Render Pipeline/Particles/Lit': fallback shader 'Universal Render Pipeline/Particles/SimpleLit' not found
Refreshing native plugins compatible for Editor in 0.61 ms, found 0 plugins.
Preloading 0 native plugins for Editor in 0.00 ms.
Unloading 2656 Unused Serialized files (Serialized files now loaded: 0)
System memory in use before: 118.7 MB.
System memory in use after: 119.0 MB.

Unloading 25 unused Assets to reduce memory usage. Loaded Objects now: 3201.
Total: 2.180100 ms (FindLiveObjects: 0.317400 ms CreateObjectMapping: 0.068900 ms MarkObjects: 1.767900 ms  DeleteObjects: 0.024400 ms)

AssetImportParameters requested are different than current active one (requested -> active):
  custom:graphics/normal-map-encoding: 01000000000000000000000000000000 -> 02000000000000000000000000000000
========================================================================
Received Prepare
Registering precompiled user dll's ...
Registered in 0.002079 seconds.
Begin MonoManager ReloadAssembly
Native extension for WindowsStandalone target not found
Refreshing native plugins compatible for Editor in 0.61 ms, found 0 plugins.
Preloading 0 native plugins for Editor in 0.00 ms.
Invoked RoslynAnalysisRunner static constructor.
RoslynAnalysisRunner will not be running.
RoslynAnalysisRunner has terminated.
Mono: successfully reloaded assembly
- Completed reload, in  0.786 seconds
Platform modules already initialized, skipping
Switching build target platform(5) subTarget(0) extendedPlatform(0) -> platform(13) subTarget(589824) extendedPlatform(0)
Shader 'Universal Render Pipeline/Particles/Lit': fallback shader 'Universal Render Pipeline/Particles/SimpleLit' not found
Refreshing native plugins compatible for Editor in 0.59 ms, found 0 plugins.
Preloading 0 native plugins for Editor in 0.00 ms.
Unloading 2656 Unused Serialized files (Serialized files now loaded: 0)
System memory in use before: 118.7 MB.
System memory in use after: 119.0 MB.

Unloading 25 unused Assets to reduce memory usage. Loaded Objects now: 3203.
Total: 1.876300 ms (FindLiveObjects: 0.285900 ms CreateObjectMapping: 0.064700 ms MarkObjects: 1.509600 ms  DeleteObjects: 0.015400 ms)

AssetImportParameters requested are different than current active one (requested -> active):
  custom:graphics/normal-map-encoding: 01000000000000000000000000000000 -> 02000000000000000000000000000000
========================================================================
Received Prepare
Registering precompiled user dll's ...
Registered in 0.002349 seconds.
Begin MonoManager ReloadAssembly
Native extension for WindowsStandalone target not found
Refreshing native plugins compatible for Editor in 0.61 ms, found 0 plugins.
Preloading 0 native plugins for Editor in 0.00 ms.
Invoked RoslynAnalysisRunner static constructor.
RoslynAnalysisRunner will not be running.
RoslynAnalysisRunner has terminated.
Mono: successfully reloaded assembly
- Completed reload, in  0.777 seconds
Platform modules already initialized, skipping
Switching build target platform(5) subTarget(0) extendedPlatform(0) -> platform(13) subTarget(589824) extendedPlatform(0)
Shader 'Universal Render Pipeline/Particles/Lit': fallback shader 'Universal Render Pipeline/Particles/SimpleLit' not found
Refreshing native plugins compatible for Editor in 0.60 ms, found 0 plugins.
Preloading 0 native plugins for Editor in 0.00 ms.
Unloading 2656 Unused Serialized files (Serialized files now loaded: 0)
System memory in use before: 118.7 MB.
System memory in use after: 119.0 MB.

Unloading 25 unused Assets to reduce memory usage. Loaded Objects now: 3205.
Total: 2.019200 ms (FindLiveObjects: 0.306200 ms CreateObjectMapping: 0.064000 ms MarkObjects: 1.626600 ms  DeleteObjects: 0.021600 ms)

AssetImportParameters requested are different than current active one (requested -> active):
  custom:graphics/normal-map-encoding: 01000000000000000000000000000000 -> 02000000000000000000000000000000
========================================================================
Received Import Request.
  Time since last request: 770.135578 seconds.
  path: Assets/Resources/Map/Plataforms/1.prefab
  artifactKey: Guid(c3fffac684f1cc44caa2f23e8f7a5019) Importer(815301076,1909f56bfc062723c751e8b465ee728b)
Start importing Assets/Resources/Map/Plataforms/1.prefab using Guid(c3fffac684f1cc44caa2f23e8f7a5019) Importer(815301076,1909f56bfc062723c751e8b465ee728b)  -> (artifact id: '8839c22d6f6bfb9b0141250b2bec3a67') in 0.601424 seconds
  Import took 0.606451 seconds .

AssetImportWorkerClient::OnTransportError - code=2 error=End of file
